{"t":{"$date":"2023-04-20T17:26:56.957+01:00"},"s":"I",  "c":"NETWORK",  "id":4915701, "ctx":"-","msg":"Initialized wire specification","attr":{"spec":{"incomingExternalClient":{"minWireVersion":0,"maxWireVersion":17},"incomingInternalClient":{"minWireVersion":0,"maxWireVersion":17},"outgoing":{"minWireVersion":6,"maxWireVersion":17},"isInternalClient":true}}}
{"t":{"$date":"2023-04-20T17:26:58.954+01:00"},"s":"I",  "c":"CONTROL",  "id":23285,   "ctx":"thread1","msg":"Automatically disabling TLS 1.0, to force-enable TLS 1.0 specify --sslDisabledProtocols 'none'"}
{"t":{"$date":"2023-04-20T17:26:58.955+01:00"},"s":"I",  "c":"NETWORK",  "id":4648602, "ctx":"thread1","msg":"Implicit TCP FastOpen in use."}
{"t":{"$date":"2023-04-20T17:26:58.959+01:00"},"s":"I",  "c":"REPL",     "id":5123008, "ctx":"thread1","msg":"Successfully registered PrimaryOnlyService","attr":{"service":"TenantMigrationDonorService","namespace":"config.tenantMigrationDonors"}}
{"t":{"$date":"2023-04-20T17:26:58.959+01:00"},"s":"I",  "c":"REPL",     "id":5123008, "ctx":"thread1","msg":"Successfully registered PrimaryOnlyService","attr":{"service":"TenantMigrationRecipientService","namespace":"config.tenantMigrationRecipients"}}
{"t":{"$date":"2023-04-20T17:26:58.959+01:00"},"s":"I",  "c":"REPL",     "id":5123008, "ctx":"thread1","msg":"Successfully registered PrimaryOnlyService","attr":{"service":"ShardSplitDonorService","namespace":"config.tenantSplitDonors"}}
{"t":{"$date":"2023-04-20T17:26:58.959+01:00"},"s":"I",  "c":"CONTROL",  "id":5945603, "ctx":"thread1","msg":"Multi threading initialized"}
{"t":{"$date":"2023-04-20T17:26:58.960+01:00"},"s":"I",  "c":"CONTROL",  "id":4615611, "ctx":"initandlisten","msg":"MongoDB starting","attr":{"pid":18164,"port":23015,"dbPath":"C:/Users/wilio/Documents/GitHub/PISID/ReplicaSet_MongoDB/server3/data","architecture":"64-bit","host":"IronGodMachine"}}
{"t":{"$date":"2023-04-20T17:26:58.960+01:00"},"s":"I",  "c":"CONTROL",  "id":23398,   "ctx":"initandlisten","msg":"Target operating system minimum version","attr":{"targetMinOS":"Windows 7/Windows Server 2008 R2"}}
{"t":{"$date":"2023-04-20T17:26:58.961+01:00"},"s":"I",  "c":"CONTROL",  "id":23403,   "ctx":"initandlisten","msg":"Build Info","attr":{"buildInfo":{"version":"6.0.4","gitVersion":"44ff59461c1353638a71e710f385a566bcd2f547","modules":[],"allocator":"tcmalloc","environment":{"distmod":"windows","distarch":"x86_64","target_arch":"x86_64"}}}}
{"t":{"$date":"2023-04-20T17:26:58.961+01:00"},"s":"I",  "c":"CONTROL",  "id":51765,   "ctx":"initandlisten","msg":"Operating System","attr":{"os":{"name":"Microsoft Windows 10","version":"10.0 (build 22621)"}}}
{"t":{"$date":"2023-04-20T17:26:58.961+01:00"},"s":"I",  "c":"CONTROL",  "id":21951,   "ctx":"initandlisten","msg":"Options set by command line","attr":{"options":{"config":"C:\\Users\\wilio\\Documents\\GitHub\\PISID\\ReplicaSet_MongoDB\\server3\\server3.conf","net":{"port":23015},"replication":{"replSet":"Sensores"},"storage":{"dbPath":"C:\\Users\\wilio\\Documents\\GitHub\\PISID\\ReplicaSet_MongoDB\\server3\\data"},"systemLog":{"destination":"file","path":"C:\\Users\\wilio\\Documents\\GitHub\\PISID\\ReplicaSet_MongoDB\\server3\\logs\\mongo.log"}}}}
{"t":{"$date":"2023-04-20T17:26:58.963+01:00"},"s":"W",  "c":"STORAGE",  "id":22271,   "ctx":"initandlisten","msg":"Detected unclean shutdown - Lock file is not empty","attr":{"lockFile":"C:\\Users\\wilio\\Documents\\GitHub\\PISID\\ReplicaSet_MongoDB\\server3\\data\\mongod.lock"}}
{"t":{"$date":"2023-04-20T17:26:58.963+01:00"},"s":"I",  "c":"STORAGE",  "id":22270,   "ctx":"initandlisten","msg":"Storage engine to use detected by data files","attr":{"dbpath":"C:/Users/wilio/Documents/GitHub/PISID/ReplicaSet_MongoDB/server3/data","storageEngine":"wiredTiger"}}
{"t":{"$date":"2023-04-20T17:26:58.964+01:00"},"s":"W",  "c":"STORAGE",  "id":22302,   "ctx":"initandlisten","msg":"Recovering data from the last clean checkpoint."}
{"t":{"$date":"2023-04-20T17:26:58.964+01:00"},"s":"I",  "c":"STORAGE",  "id":22315,   "ctx":"initandlisten","msg":"Opening WiredTiger","attr":{"config":"create,cache_size=3521M,session_max=33000,eviction=(threads_min=4,threads_max=4),config_base=false,statistics=(fast),log=(enabled=true,remove=true,path=journal,compressor=snappy),builtin_extension_config=(zstd=(compression_level=6)),file_manager=(close_idle_time=600,close_scan_interval=10,close_handle_minimum=2000),statistics_log=(wait=0),json_output=(error,message),verbose=[recovery_progress:1,checkpoint_progress:1,compact_progress:1,backup:0,checkpoint:0,compact:0,evict:0,history_store:0,recovery:0,rts:0,salvage:0,tiered:0,timestamp:0,transaction:0,verify:0,log:0],"}}
{"t":{"$date":"2023-04-20T17:27:00.531+01:00"},"s":"I",  "c":"STORAGE",  "id":4795906, "ctx":"initandlisten","msg":"WiredTiger opened","attr":{"durationMillis":1567}}
{"t":{"$date":"2023-04-20T17:27:00.531+01:00"},"s":"I",  "c":"RECOVERY", "id":23987,   "ctx":"initandlisten","msg":"WiredTiger recoveryTimestamp","attr":{"recoveryTimestamp":{"$timestamp":{"t":1681675473,"i":1}}}}
{"t":{"$date":"2023-04-20T17:27:00.531+01:00"},"s":"I",  "c":"RECOVERY", "id":5380106, "ctx":"initandlisten","msg":"WiredTiger oldestTimestamp","attr":{"oldestTimestamp":{"$timestamp":{"t":1681675173,"i":1}}}}
{"t":{"$date":"2023-04-20T17:27:00.549+01:00"},"s":"I",  "c":"STORAGE",  "id":22383,   "ctx":"initandlisten","msg":"The size storer reports that the oplog contains","attr":{"numRecords":16982,"dataSize":2557697}}
{"t":{"$date":"2023-04-20T17:27:00.549+01:00"},"s":"I",  "c":"STORAGE",  "id":22384,   "ctx":"initandlisten","msg":"Scanning the oplog to determine where to place markers for truncation"}
{"t":{"$date":"2023-04-20T17:27:00.557+01:00"},"s":"I",  "c":"STORAGE",  "id":22382,   "ctx":"initandlisten","msg":"WiredTiger record store oplog processing finished","attr":{"durationMillis":8}}
{"t":{"$date":"2023-04-20T17:27:00.571+01:00"},"s":"W",  "c":"CONTROL",  "id":22120,   "ctx":"initandlisten","msg":"Access control is not enabled for the database. Read and write access to data and configuration is unrestricted","tags":["startupWarnings"]}
{"t":{"$date":"2023-04-20T17:27:00.571+01:00"},"s":"W",  "c":"CONTROL",  "id":22140,   "ctx":"initandlisten","msg":"This server is bound to localhost. Remote systems will be unable to connect to this server. Start the server with --bind_ip <address> to specify which IP addresses it should serve responses from, or with --bind_ip_all to bind to all interfaces. If this behavior is desired, start the server with --bind_ip 127.0.0.1 to disable this warning","tags":["startupWarnings"]}
{"t":{"$date":"2023-04-20T17:27:00.587+01:00"},"s":"I",  "c":"NETWORK",  "id":4915702, "ctx":"initandlisten","msg":"Updated wire specification","attr":{"oldSpec":{"incomingExternalClient":{"minWireVersion":0,"maxWireVersion":17},"incomingInternalClient":{"minWireVersion":0,"maxWireVersion":17},"outgoing":{"minWireVersion":6,"maxWireVersion":17},"isInternalClient":true},"newSpec":{"incomingExternalClient":{"minWireVersion":0,"maxWireVersion":17},"incomingInternalClient":{"minWireVersion":17,"maxWireVersion":17},"outgoing":{"minWireVersion":17,"maxWireVersion":17},"isInternalClient":true}}}
{"t":{"$date":"2023-04-20T17:27:00.587+01:00"},"s":"I",  "c":"REPL",     "id":5853300, "ctx":"initandlisten","msg":"current featureCompatibilityVersion value","attr":{"featureCompatibilityVersion":"6.0","context":"startup"}}
{"t":{"$date":"2023-04-20T17:27:00.588+01:00"},"s":"I",  "c":"STORAGE",  "id":5071100, "ctx":"initandlisten","msg":"Clearing temp directory"}
{"t":{"$date":"2023-04-20T17:27:00.618+01:00"},"s":"I",  "c":"CONTROL",  "id":20536,   "ctx":"initandlisten","msg":"Flow Control is enabled on this deployment"}
{"t":{"$date":"2023-04-20T17:27:00.618+01:00"},"s":"I",  "c":"STORAGE",  "id":5380103, "ctx":"initandlisten","msg":"Unpin oldest timestamp request","attr":{"service":"_wt_startup","requestedTs":{"$timestamp":{"t":1681675173,"i":1}}}}
{"t":{"$date":"2023-04-20T17:27:01.305+01:00"},"s":"I",  "c":"FTDC",     "id":20625,   "ctx":"initandlisten","msg":"Initializing full-time diagnostic data capture","attr":{"dataDirectory":"C:/Users/wilio/Documents/GitHub/PISID/ReplicaSet_MongoDB/server3/data/diagnostic.data"}}
{"t":{"$date":"2023-04-20T17:27:01.317+01:00"},"s":"I",  "c":"REPL",     "id":6015317, "ctx":"initandlisten","msg":"Setting new configuration state","attr":{"newState":"ConfigStartingUp","oldState":"ConfigPreStart"}}
{"t":{"$date":"2023-04-20T17:27:01.319+01:00"},"s":"I",  "c":"REPL",     "id":6005300, "ctx":"initandlisten","msg":"Starting up replica set aware services"}
{"t":{"$date":"2023-04-20T17:27:01.321+01:00"},"s":"I",  "c":"REPL",     "id":4280500, "ctx":"initandlisten","msg":"Attempting to create internal replication collections"}
{"t":{"$date":"2023-04-20T17:27:01.335+01:00"},"s":"I",  "c":"REPL",     "id":4280501, "ctx":"initandlisten","msg":"Attempting to load local voted for document"}
{"t":{"$date":"2023-04-20T17:27:01.335+01:00"},"s":"I",  "c":"REPL",     "id":4280502, "ctx":"initandlisten","msg":"Searching for local Rollback ID document"}
{"t":{"$date":"2023-04-20T17:27:01.336+01:00"},"s":"I",  "c":"-",        "id":4939300, "ctx":"monitoring-keys-for-HMAC","msg":"Failed to refresh key cache","attr":{"error":"ReadConcernMajorityNotAvailableYet: Read concern majority reads are currently not possible.","nextWakeupMillis":200}}
{"t":{"$date":"2023-04-20T17:27:01.339+01:00"},"s":"I",  "c":"REPL",     "id":21529,   "ctx":"initandlisten","msg":"Initializing rollback ID","attr":{"rbid":19}}
{"t":{"$date":"2023-04-20T17:27:01.340+01:00"},"s":"I",  "c":"REPL",     "id":501401,  "ctx":"initandlisten","msg":"Incrementing the rollback ID after unclean shutdown"}
{"t":{"$date":"2023-04-20T17:27:01.345+01:00"},"s":"I",  "c":"REPL",     "id":21532,   "ctx":"initandlisten","msg":"Incremented the rollback ID","attr":{"rbid":20}}
{"t":{"$date":"2023-04-20T17:27:01.348+01:00"},"s":"I",  "c":"REPL",     "id":4280504, "ctx":"initandlisten","msg":"Cleaning up any partially applied oplog batches & reading last op from oplog"}
{"t":{"$date":"2023-04-20T17:27:01.351+01:00"},"s":"I",  "c":"CONTROL",  "id":6608200, "ctx":"initandlisten","msg":"Initializing cluster server parameters from disk"}
{"t":{"$date":"2023-04-20T17:27:01.352+01:00"},"s":"I",  "c":"REPL",     "id":21544,   "ctx":"initandlisten","msg":"Recovering from stable timestamp","attr":{"stableTimestamp":{"$timestamp":{"t":1681675473,"i":1}},"topOfOplog":{"ts":{"$timestamp":{"t":1681675523,"i":1}},"t":50},"appliedThrough":{"ts":{"$timestamp":{"t":0,"i":0}},"t":-1}}}
{"t":{"$date":"2023-04-20T17:27:01.353+01:00"},"s":"I",  "c":"REPL",     "id":21545,   "ctx":"initandlisten","msg":"Starting recovery oplog application at the stable timestamp","attr":{"stableTimestamp":{"$timestamp":{"t":1681675473,"i":1}}}}
{"t":{"$date":"2023-04-20T17:27:01.353+01:00"},"s":"I",  "c":"REPL",     "id":5466604, "ctx":"initandlisten","msg":"Start point for recovery oplog application exists in oplog. No adjustment necessary","attr":{"startPoint":{"$timestamp":{"t":1681675473,"i":1}}}}
{"t":{"$date":"2023-04-20T17:27:01.353+01:00"},"s":"I",  "c":"REPL",     "id":21550,   "ctx":"initandlisten","msg":"Replaying stored operations from startPoint (exclusive) to endPoint (inclusive)","attr":{"startPoint":{"$timestamp":{"t":1681675473,"i":1}},"endPoint":{"$timestamp":{"t":1681675523,"i":1}}}}
{"t":{"$date":"2023-04-20T17:27:01.372+01:00"},"s":"I",  "c":"REPL",     "id":21536,   "ctx":"initandlisten","msg":"Completed oplog application for recovery","attr":{"numOpsApplied":9,"numBatches":1,"applyThroughOpTime":{"ts":{"$timestamp":{"t":1681675523,"i":1}},"t":50}}}
{"t":{"$date":"2023-04-20T17:27:01.374+01:00"},"s":"I",  "c":"REPL",     "id":4280505, "ctx":"initandlisten","msg":"Creating any necessary TenantMigrationAccessBlockers for unfinished migrations"}
{"t":{"$date":"2023-04-20T17:27:01.378+01:00"},"s":"I",  "c":"REPL",     "id":4280506, "ctx":"initandlisten","msg":"Reconstructing prepared transactions"}
{"t":{"$date":"2023-04-20T17:27:01.379+01:00"},"s":"I",  "c":"REPL",     "id":4280508, "ctx":"ReplCoord-0","msg":"Attempting to set local replica set config; validating config for startup"}
{"t":{"$date":"2023-04-20T17:27:01.379+01:00"},"s":"I",  "c":"REPL",     "id":4280507, "ctx":"initandlisten","msg":"Loaded replica set config, scheduled callback to set local config"}
{"t":{"$date":"2023-04-20T17:27:01.380+01:00"},"s":"I",  "c":"STORAGE",  "id":22262,   "ctx":"initandlisten","msg":"Timestamp monitor starting"}
{"t":{"$date":"2023-04-20T17:27:01.383+01:00"},"s":"I",  "c":"REPL",     "id":40440,   "ctx":"initandlisten","msg":"Starting the TopologyVersionObserver"}
{"t":{"$date":"2023-04-20T17:27:01.384+01:00"},"s":"I",  "c":"REPL",     "id":40445,   "ctx":"TopologyVersionObserver","msg":"Started TopologyVersionObserver"}
{"t":{"$date":"2023-04-20T17:27:01.385+01:00"},"s":"I",  "c":"NETWORK",  "id":23015,   "ctx":"listener","msg":"Listening on","attr":{"address":"127.0.0.1"}}
{"t":{"$date":"2023-04-20T17:27:01.385+01:00"},"s":"I",  "c":"NETWORK",  "id":23016,   "ctx":"listener","msg":"Waiting for connections","attr":{"port":23015,"ssl":"off"}}
{"t":{"$date":"2023-04-20T17:27:01.387+01:00"},"s":"I",  "c":"CONTROL",  "id":20714,   "ctx":"LogicalSessionCacheRefresh","msg":"Failed to refresh session cache, will try again at the next refresh interval","attr":{"error":"NotYetInitialized: Replication has not yet been configured"}}
{"t":{"$date":"2023-04-20T17:27:01.388+01:00"},"s":"I",  "c":"CONTROL",  "id":20711,   "ctx":"LogicalSessionCacheReap","msg":"Failed to reap transaction table","attr":{"error":"NotYetInitialized: Replication has not yet been configured"}}
{"t":{"$date":"2023-04-20T17:27:01.397+01:00"},"s":"I",  "c":"NETWORK",  "id":22943,   "ctx":"listener","msg":"Connection accepted","attr":{"remote":"127.0.0.1:51601","uuid":"c370ac9f-9007-4f07-87f7-8971dba95459","connectionId":3,"connectionCount":1}}
{"t":{"$date":"2023-04-20T17:27:01.399+01:00"},"s":"I",  "c":"NETWORK",  "id":22944,   "ctx":"conn3","msg":"Connection ended","attr":{"remote":"127.0.0.1:51601","uuid":"c370ac9f-9007-4f07-87f7-8971dba95459","connectionId":3,"connectionCount":0}}
{"t":{"$date":"2023-04-20T17:27:01.402+01:00"},"s":"I",  "c":"NETWORK",  "id":22943,   "ctx":"listener","msg":"Connection accepted","attr":{"remote":"127.0.0.1:51602","uuid":"7f2ff123-f381-4fed-843f-c0c9fd2f7faf","connectionId":4,"connectionCount":1}}
{"t":{"$date":"2023-04-20T17:27:01.403+01:00"},"s":"I",  "c":"REPL",     "id":4280509, "ctx":"ReplCoord-0","msg":"Local configuration validated for startup"}
{"t":{"$date":"2023-04-20T17:27:01.403+01:00"},"s":"I",  "c":"REPL",     "id":6015317, "ctx":"ReplCoord-0","msg":"Setting new configuration state","attr":{"newState":"ConfigSteady","oldState":"ConfigStartingUp"}}
{"t":{"$date":"2023-04-20T17:27:01.403+01:00"},"s":"I",  "c":"NETWORK",  "id":22944,   "ctx":"conn4","msg":"Connection ended","attr":{"remote":"127.0.0.1:51602","uuid":"7f2ff123-f381-4fed-843f-c0c9fd2f7faf","connectionId":4,"connectionCount":0}}
{"t":{"$date":"2023-04-20T17:27:01.403+01:00"},"s":"I",  "c":"REPL",     "id":21392,   "ctx":"ReplCoord-0","msg":"New replica set config in use","attr":{"config":{"_id":"Sensores","version":5,"term":50,"members":[{"_id":0,"host":"localhost:27015","arbiterOnly":false,"buildIndexes":true,"hidden":false,"priority":1,"tags":{},"secondaryDelaySecs":0,"votes":1},{"_id":1,"host":"localhost:25015","arbiterOnly":false,"buildIndexes":true,"hidden":false,"priority":1,"tags":{},"secondaryDelaySecs":0,"votes":1},{"_id":2,"host":"localhost:23015","arbiterOnly":false,"buildIndexes":true,"hidden":false,"priority":1,"tags":{},"secondaryDelaySecs":0,"votes":1}],"protocolVersion":1,"writeConcernMajorityJournalDefault":true,"settings":{"chainingAllowed":true,"heartbeatIntervalMillis":2000,"heartbeatTimeoutSecs":10,"electionTimeoutMillis":10000,"catchUpTimeoutMillis":-1,"catchUpTakeoverDelayMillis":30000,"getLastErrorModes":{},"getLastErrorDefaults":{"w":1,"wtimeout":0},"replicaSetId":{"$oid":"63fde22e71b734aea068b454"}}}}}
{"t":{"$date":"2023-04-20T17:27:01.404+01:00"},"s":"I",  "c":"REPL",     "id":21393,   "ctx":"ReplCoord-0","msg":"Found self in config","attr":{"hostAndPort":"localhost:23015"}}
{"t":{"$date":"2023-04-20T17:27:01.404+01:00"},"s":"I",  "c":"REPL",     "id":21358,   "ctx":"ReplCoord-0","msg":"Replica set state transition","attr":{"newState":"STARTUP2","oldState":"STARTUP"}}
{"t":{"$date":"2023-04-20T17:27:01.404+01:00"},"s":"I",  "c":"REPL",     "id":21320,   "ctx":"ReplCoord-0","msg":"Updated term","attr":{"term":50}}
{"t":{"$date":"2023-04-20T17:27:01.405+01:00"},"s":"I",  "c":"REPL",     "id":21306,   "ctx":"ReplCoord-0","msg":"Starting replication storage threads"}
{"t":{"$date":"2023-04-20T17:27:01.408+01:00"},"s":"I",  "c":"CONNPOOL", "id":22576,   "ctx":"ReplNetwork","msg":"Connecting","attr":{"hostAndPort":"localhost:27015"}}
{"t":{"$date":"2023-04-20T17:27:01.411+01:00"},"s":"I",  "c":"REPL",     "id":4280512, "ctx":"ReplCoord-0","msg":"No initial sync required. Attempting to begin steady replication"}
{"t":{"$date":"2023-04-20T17:27:01.411+01:00"},"s":"I",  "c":"REPL",     "id":21358,   "ctx":"ReplCoord-0","msg":"Replica set state transition","attr":{"newState":"RECOVERING","oldState":"STARTUP2"}}
{"t":{"$date":"2023-04-20T17:27:01.411+01:00"},"s":"I",  "c":"CONNPOOL", "id":22576,   "ctx":"ReplNetwork","msg":"Connecting","attr":{"hostAndPort":"localhost:25015"}}
{"t":{"$date":"2023-04-20T17:27:01.414+01:00"},"s":"I",  "c":"REPL",     "id":21299,   "ctx":"ReplCoord-0","msg":"Starting replication fetcher thread"}
{"t":{"$date":"2023-04-20T17:27:01.414+01:00"},"s":"I",  "c":"REPL",     "id":21300,   "ctx":"ReplCoord-0","msg":"Starting replication applier thread"}
{"t":{"$date":"2023-04-20T17:27:01.415+01:00"},"s":"I",  "c":"REPL",     "id":21301,   "ctx":"ReplCoord-0","msg":"Starting replication reporter thread"}
{"t":{"$date":"2023-04-20T17:27:01.415+01:00"},"s":"I",  "c":"REPL",     "id":21224,   "ctx":"OplogApplier-0","msg":"Starting oplog application"}
{"t":{"$date":"2023-04-20T17:27:01.415+01:00"},"s":"I",  "c":"REPL",     "id":4280511, "ctx":"ReplCoord-0","msg":"Set local replica set config"}
{"t":{"$date":"2023-04-20T17:27:01.415+01:00"},"s":"I",  "c":"REPL",     "id":21358,   "ctx":"OplogApplier-0","msg":"Replica set state transition","attr":{"newState":"SECONDARY","oldState":"RECOVERING"}}
{"t":{"$date":"2023-04-20T17:27:01.415+01:00"},"s":"I",  "c":"REPL",     "id":21106,   "ctx":"OplogApplier-0","msg":"Resetting sync source to empty","attr":{"previousSyncSource":":27017"}}
{"t":{"$date":"2023-04-20T17:27:01.415+01:00"},"s":"I",  "c":"NETWORK",  "id":22943,   "ctx":"listener","msg":"Connection accepted","attr":{"remote":"127.0.0.1:51606","uuid":"13bb0497-4f64-499d-9a52-3f9f81982f57","connectionId":6,"connectionCount":1}}
{"t":{"$date":"2023-04-20T17:27:01.415+01:00"},"s":"I",  "c":"REPL",     "id":21783,   "ctx":"BackgroundSync","msg":"Waiting for pings from other members before syncing","attr":{"pingsNeeded":4}}
{"t":{"$date":"2023-04-20T17:27:01.416+01:00"},"s":"I",  "c":"NETWORK",  "id":22943,   "ctx":"listener","msg":"Connection accepted","attr":{"remote":"127.0.0.1:51607","uuid":"4f7fcadc-eb57-444f-82f1-887d92c9bde1","connectionId":7,"connectionCount":2}}
{"t":{"$date":"2023-04-20T17:27:01.417+01:00"},"s":"I",  "c":"NETWORK",  "id":51800,   "ctx":"conn6","msg":"client metadata","attr":{"remote":"127.0.0.1:51606","client":"conn6","doc":{"driver":{"name":"NetworkInterfaceTL-ReplNetwork","version":"6.0.4"},"os":{"type":"Windows","name":"Microsoft Windows 10","architecture":"x86_64","version":"10.0 (build 22621)"}}}}
{"t":{"$date":"2023-04-20T17:27:01.417+01:00"},"s":"I",  "c":"NETWORK",  "id":51800,   "ctx":"conn7","msg":"client metadata","attr":{"remote":"127.0.0.1:51607","client":"conn7","doc":{"driver":{"name":"NetworkInterfaceTL-ReplNetwork","version":"6.0.4"},"os":{"type":"Windows","name":"Microsoft Windows 10","architecture":"x86_64","version":"10.0 (build 22621)"}}}}
{"t":{"$date":"2023-04-20T17:27:01.423+01:00"},"s":"I",  "c":"REPL",     "id":21215,   "ctx":"ReplCoord-1","msg":"Member is in new state","attr":{"hostAndPort":"localhost:27015","newState":"SECONDARY"}}
{"t":{"$date":"2023-04-20T17:27:01.423+01:00"},"s":"I",  "c":"REPL",     "id":21215,   "ctx":"ReplCoord-2","msg":"Member is in new state","attr":{"hostAndPort":"localhost:25015","newState":"SECONDARY"}}
{"t":{"$date":"2023-04-20T17:27:01.552+01:00"},"s":"I",  "c":"-",        "id":4939300, "ctx":"monitoring-keys-for-HMAC","msg":"Failed to refresh key cache","attr":{"error":"ReadConcernMajorityNotAvailableYet: Read concern majority reads are currently not possible.","nextWakeupMillis":400}}
{"t":{"$date":"2023-04-20T17:27:01.954+01:00"},"s":"I",  "c":"-",        "id":4939300, "ctx":"monitoring-keys-for-HMAC","msg":"Failed to refresh key cache","attr":{"error":"ReadConcernMajorityNotAvailableYet: Read concern majority reads are currently not possible.","nextWakeupMillis":600}}
{"t":{"$date":"2023-04-20T17:27:02.555+01:00"},"s":"I",  "c":"-",        "id":4939300, "ctx":"monitoring-keys-for-HMAC","msg":"Failed to refresh key cache","attr":{"error":"ReadConcernMajorityNotAvailableYet: Read concern majority reads are currently not possible.","nextWakeupMillis":800}}
{"t":{"$date":"2023-04-20T17:27:03.356+01:00"},"s":"I",  "c":"-",        "id":4939300, "ctx":"monitoring-keys-for-HMAC","msg":"Failed to refresh key cache","attr":{"error":"ReadConcernMajorityNotAvailableYet: Read concern majority reads are currently not possible.","nextWakeupMillis":1000}}
{"t":{"$date":"2023-04-20T17:27:04.357+01:00"},"s":"I",  "c":"-",        "id":4939300, "ctx":"monitoring-keys-for-HMAC","msg":"Failed to refresh key cache","attr":{"error":"ReadConcernMajorityNotAvailableYet: Read concern majority reads are currently not possible.","nextWakeupMillis":1200}}
{"t":{"$date":"2023-04-20T17:27:05.558+01:00"},"s":"I",  "c":"-",        "id":4939300, "ctx":"monitoring-keys-for-HMAC","msg":"Failed to refresh key cache","attr":{"error":"ReadConcernMajorityNotAvailableYet: Read concern majority reads are currently not possible.","nextWakeupMillis":1400}}
{"t":{"$date":"2023-04-20T17:27:06.960+01:00"},"s":"I",  "c":"-",        "id":4939300, "ctx":"monitoring-keys-for-HMAC","msg":"Failed to refresh key cache","attr":{"error":"ReadConcernMajorityNotAvailableYet: Read concern majority reads are currently not possible.","nextWakeupMillis":1600}}
{"t":{"$date":"2023-04-20T17:27:08.574+01:00"},"s":"I",  "c":"-",        "id":4939300, "ctx":"monitoring-keys-for-HMAC","msg":"Failed to refresh key cache","attr":{"error":"ReadConcernMajorityNotAvailableYet: Read concern majority reads are currently not possible.","nextWakeupMillis":1800}}
{"t":{"$date":"2023-04-20T17:27:10.375+01:00"},"s":"I",  "c":"-",        "id":4939300, "ctx":"monitoring-keys-for-HMAC","msg":"Failed to refresh key cache","attr":{"error":"ReadConcernMajorityNotAvailableYet: Read concern majority reads are currently not possible.","nextWakeupMillis":2000}}
{"t":{"$date":"2023-04-20T17:27:11.512+01:00"},"s":"I",  "c":"ELECTION", "id":23980,   "ctx":"conn6","msg":"Responding to vote request","attr":{"request":"{ replSetRequestVotes: 1, setName: \"Sensores\", dryRun: true, term: 51, candidateIndex: 1, configVersion: 5, configTerm: 50, lastAppliedOpTime: { ts: Timestamp(1681675523, 1), t: 50 } }","response":"{ term: 51, voteGranted: true, reason: \"\" }","replicaSetStatus":"Current replSetGetStatus output: { set: \"Sensores\", date: new Date(1682008031512), myState: 2, term: 51, syncSourceHost: \"\", syncSourceId: -1, heartbeatIntervalMillis: 2000, majorityVoteCount: 2, writeMajorityCount: 2, votingMembersCount: 3, writableVotingMembersCount: 3, optimes: { lastCommittedOpTime: { ts: Timestamp(0, 0), t: -1 }, lastCommittedWallTime: new Date(0), appliedOpTime: { ts: Timestamp(1681675523, 1), t: 50 }, durableOpTime: { ts: Timestamp(1681675523, 1), t: 50 }, lastAppliedWallTime: new Date(1681675523508), lastDurableWallTime: new Date(1681675523508) }, members: [ { _id: 0, name: \"localhost:27015\", health: 1.0, state: 2, stateStr: \"SECONDARY\", uptime: 10, optime: { ts: Timestamp(1681675523, 1), t: 50 }, optimeDurable: { ts: Timestamp(1681675523, 1), t: 50 }, optimeDate: new Date(1681675523000), optimeDurableDate: new Date(1681675523000), lastAppliedWallTime: new Date(1681675523508), lastDurableWallTime: new Date(1681675523508), lastHeartbeat: new Date(1682008031511), lastHeartbeatRecv: new Date(1682008031442), pingMs: 0, lastHeartbeatMessage: \"\", syncSourceHost: \"\", syncSourceId: -1, infoMessage: \"\", configVersion: 5, configTerm: 50 }, { _id: 1, name: \"localhost:25015\", health: 1.0, state: 2, stateStr: \"SECONDARY\", uptime: 10, optime: { ts: Timestamp(1681675523, 1), t: 50 }, optimeDurable: { ts: Timestamp(1681675523, 1), t: 50 }, optimeDate: new Date(1681675523000), optimeDurableDate: new Date(1681675523000), lastAppliedWallTime: new Date(1681675523508), lastDurableWallTime: new Date(1681675523508), lastHeartbeat: new Date(1682008031479), lastHeartbeatRecv: new Date(1682008031479), pingMs: 0, lastHeartbeatMessage: \"\", syncSourceHost: \"\", syncSourceId: -1, infoMessage: \"\", configVersion: 5, configTerm: 50 }, { _id: 2, name: \"localhost:23015\", health: 1.0, state: 2, stateStr: \"SECONDARY\", uptime: 0, optime: { ts: Timestamp(1681675523, 1), t: 50 }, optimeDate: new Date(1681675523000), lastAppliedWallTime: new Date(1681675523508), lastDurableWallTime: new Date(1681675523508), syncSourceHost: \"\", syncSourceId: -1, infoMessage: \"\", configVersion: 5, configTerm: 50, self: true, lastHeartbeatMessage: \"\" } ] }"}}
{"t":{"$date":"2023-04-20T17:27:11.516+01:00"},"s":"I",  "c":"ELECTION", "id":23980,   "ctx":"conn6","msg":"Responding to vote request","attr":{"request":"{ replSetRequestVotes: 1, setName: \"Sensores\", dryRun: false, term: 52, candidateIndex: 1, configVersion: 5, configTerm: 50, lastAppliedOpTime: { ts: Timestamp(1681675523, 1), t: 50 } }","response":"{ term: 52, voteGranted: true, reason: \"\" }","replicaSetStatus":"Current replSetGetStatus output: { set: \"Sensores\", date: new Date(1682008031516), myState: 2, term: 52, syncSourceHost: \"\", syncSourceId: -1, heartbeatIntervalMillis: 2000, majorityVoteCount: 2, writeMajorityCount: 2, votingMembersCount: 3, writableVotingMembersCount: 3, optimes: { lastCommittedOpTime: { ts: Timestamp(0, 0), t: -1 }, lastCommittedWallTime: new Date(0), appliedOpTime: { ts: Timestamp(1681675523, 1), t: 50 }, durableOpTime: { ts: Timestamp(1681675523, 1), t: 50 }, lastAppliedWallTime: new Date(1681675523508), lastDurableWallTime: new Date(1681675523508) }, members: [ { _id: 0, name: \"localhost:27015\", health: 1.0, state: 2, stateStr: \"SECONDARY\", uptime: 10, optime: { ts: Timestamp(1681675523, 1), t: 50 }, optimeDurable: { ts: Timestamp(1681675523, 1), t: 50 }, optimeDate: new Date(1681675523000), optimeDurableDate: new Date(1681675523000), lastAppliedWallTime: new Date(1681675523508), lastDurableWallTime: new Date(1681675523508), lastHeartbeat: new Date(1682008031511), lastHeartbeatRecv: new Date(1682008031442), pingMs: 0, lastHeartbeatMessage: \"\", syncSourceHost: \"\", syncSourceId: -1, infoMessage: \"\", configVersion: 5, configTerm: 50 }, { _id: 1, name: \"localhost:25015\", health: 1.0, state: 2, stateStr: \"SECONDARY\", uptime: 10, optime: { ts: Timestamp(1681675523, 1), t: 50 }, optimeDurable: { ts: Timestamp(1681675523, 1), t: 50 }, optimeDate: new Date(1681675523000), optimeDurableDate: new Date(1681675523000), lastAppliedWallTime: new Date(1681675523508), lastDurableWallTime: new Date(1681675523508), lastHeartbeat: new Date(1682008031479), lastHeartbeatRecv: new Date(1682008031479), pingMs: 0, lastHeartbeatMessage: \"\", syncSourceHost: \"\", syncSourceId: -1, infoMessage: \"\", configVersion: 5, configTerm: 50 }, { _id: 2, name: \"localhost:23015\", health: 1.0, state: 2, stateStr: \"SECONDARY\", uptime: 0, optime: { ts: Timestamp(1681675523, 1), t: 50 }, optimeDate: new Date(1681675523000), lastAppliedWallTime: new Date(1681675523508), lastDurableWallTime: new Date(1681675523508), syncSourceHost: \"\", syncSourceId: -1, infoMessage: \"\", configVersion: 5, configTerm: 50, self: true, lastHeartbeatMessage: \"\" } ] }"}}
{"t":{"$date":"2023-04-20T17:27:11.518+01:00"},"s":"I",  "c":"REPL",     "id":2903000, "ctx":"conn6","msg":"Restarting heartbeats after learning of a new primary","attr":{"myPrimaryId":"none","senderAndPrimaryId":1,"senderTerm":52}}
{"t":{"$date":"2023-04-20T17:27:11.519+01:00"},"s":"I",  "c":"REPL",     "id":21215,   "ctx":"ReplCoord-2","msg":"Member is in new state","attr":{"hostAndPort":"localhost:25015","newState":"PRIMARY"}}
{"t":{"$date":"2023-04-20T17:27:11.522+01:00"},"s":"I",  "c":"REPL",     "id":21401,   "ctx":"conn6","msg":"Scheduling heartbeat to fetch a newer config","attr":{"configTerm":52,"configVersion":5,"senderHost":"localhost:25015"}}
{"t":{"$date":"2023-04-20T17:27:11.523+01:00"},"s":"I",  "c":"REPL",     "id":6015317, "ctx":"ReplCoord-0","msg":"Setting new configuration state","attr":{"newState":"ConfigHBReconfiguring","oldState":"ConfigSteady"}}
{"t":{"$date":"2023-04-20T17:27:11.524+01:00"},"s":"I",  "c":"REPL",     "id":6015317, "ctx":"ReplCoord-0","msg":"Setting new configuration state","attr":{"newState":"ConfigSteady","oldState":"ConfigHBReconfiguring"}}
{"t":{"$date":"2023-04-20T17:27:11.524+01:00"},"s":"I",  "c":"REPL",     "id":21392,   "ctx":"ReplCoord-0","msg":"New replica set config in use","attr":{"config":{"_id":"Sensores","version":5,"term":52,"members":[{"_id":0,"host":"localhost:27015","arbiterOnly":false,"buildIndexes":true,"hidden":false,"priority":1,"tags":{},"secondaryDelaySecs":0,"votes":1},{"_id":1,"host":"localhost:25015","arbiterOnly":false,"buildIndexes":true,"hidden":false,"priority":1,"tags":{},"secondaryDelaySecs":0,"votes":1},{"_id":2,"host":"localhost:23015","arbiterOnly":false,"buildIndexes":true,"hidden":false,"priority":1,"tags":{},"secondaryDelaySecs":0,"votes":1}],"protocolVersion":1,"writeConcernMajorityJournalDefault":true,"settings":{"chainingAllowed":true,"heartbeatIntervalMillis":2000,"heartbeatTimeoutSecs":10,"electionTimeoutMillis":10000,"catchUpTimeoutMillis":-1,"catchUpTakeoverDelayMillis":30000,"getLastErrorModes":{},"getLastErrorDefaults":{"w":1,"wtimeout":0},"replicaSetId":{"$oid":"63fde22e71b734aea068b454"}}}}}
{"t":{"$date":"2023-04-20T17:27:11.525+01:00"},"s":"I",  "c":"REPL",     "id":21393,   "ctx":"ReplCoord-0","msg":"Found self in config","attr":{"hostAndPort":"localhost:23015"}}
{"t":{"$date":"2023-04-20T17:27:12.378+01:00"},"s":"I",  "c":"-",        "id":4939300, "ctx":"monitoring-keys-for-HMAC","msg":"Failed to refresh key cache","attr":{"error":"ReadConcernMajorityNotAvailableYet: Read concern majority reads are currently not possible.","nextWakeupMillis":2200}}
{"t":{"$date":"2023-04-20T17:27:12.433+01:00"},"s":"I",  "c":"NETWORK",  "id":22943,   "ctx":"listener","msg":"Connection accepted","attr":{"remote":"127.0.0.1:51614","uuid":"d29fad56-6c8b-4044-9242-55a9aa08e117","connectionId":9,"connectionCount":3}}
{"t":{"$date":"2023-04-20T17:27:12.434+01:00"},"s":"I",  "c":"NETWORK",  "id":51800,   "ctx":"conn9","msg":"client metadata","attr":{"remote":"127.0.0.1:51614","client":"conn9","doc":{"driver":{"name":"NetworkInterfaceTL-MirrorMaestro","version":"6.0.4"},"os":{"type":"Windows","name":"Microsoft Windows 10","architecture":"x86_64","version":"10.0 (build 22621)"}}}}
{"t":{"$date":"2023-04-20T17:27:12.471+01:00"},"s":"I",  "c":"REPL",     "id":21799,   "ctx":"BackgroundSync","msg":"Sync source candidate chosen","attr":{"syncSource":"localhost:25015"}}
{"t":{"$date":"2023-04-20T17:27:12.472+01:00"},"s":"I",  "c":"CONNPOOL", "id":22576,   "ctx":"ReplCoordExternNetwork","msg":"Connecting","attr":{"hostAndPort":"localhost:25015"}}
{"t":{"$date":"2023-04-20T17:27:12.476+01:00"},"s":"I",  "c":"REPL",     "id":21088,   "ctx":"BackgroundSync","msg":"Changed sync source","attr":{"oldSyncSource":"empty","newSyncSource":"localhost:25015"}}
{"t":{"$date":"2023-04-20T17:29:21.196+01:00"},"s":"I",  "c":"CONTROL",  "id":23373,   "ctx":"thread95","msg":"CTRL_CLOSE_EVENT signal"}
{"t":{"$date":"2023-04-20T17:29:21.197+01:00"},"s":"I",  "c":"CONTROL",  "id":23371,   "ctx":"consoleTerminate","msg":"Received event, will terminate after current command ends","attr":{"controlCode":"CTRL_CLOSE_EVENT"}}
{"t":{"$date":"2023-04-20T17:29:21.198+01:00"},"s":"I",  "c":"REPL",     "id":4784900, "ctx":"consoleTerminate","msg":"Stepping down the ReplicationCoordinator for shutdown","attr":{"waitTimeMillis":15000}}
{"t":{"$date":"2023-04-20T17:29:21.202+01:00"},"s":"I",  "c":"REPL",     "id":4794602, "ctx":"consoleTerminate","msg":"Attempting to enter quiesce mode"}
{"t":{"$date":"2023-04-20T17:29:21.202+01:00"},"s":"I",  "c":"REPL",     "id":4695102, "ctx":"consoleTerminate","msg":"Entering quiesce mode for shutdown","attr":{"quiesceTimeMillis":14996}}
{"t":{"$date":"2023-04-20T17:29:21.204+01:00"},"s":"I",  "c":"REPL",     "id":40447,   "ctx":"TopologyVersionObserver","msg":"Stopped TopologyVersionObserver"}
{"t":{"$date":"2023-04-20T17:29:21.673+01:00"},"s":"I",  "c":"REPL",     "id":21832,   "ctx":"ReplCoordExtern-0","msg":"Choosing new sync source. Our current sync source is not primary and does not have a sync source, so we require that it is ahead of us","attr":{"syncSource":"localhost:25015","lastOpTimeFetched":{"ts":{"$timestamp":{"t":1682008151,"i":1}},"t":52},"syncSourceLatestOplogOpTime":{"ts":{"$timestamp":{"t":1682008151,"i":1}},"t":52},"isPrimary":false}}
{"t":{"$date":"2023-04-20T17:29:21.673+01:00"},"s":"I",  "c":"REPL",     "id":21150,   "ctx":"ReplCoordExtern-0","msg":"Canceling oplog query due to OplogQueryMetadata. We have to choose a new sync source","attr":{"syncSource":"localhost:25015","lastAppliedOpTime":{"ts":{"$timestamp":{"t":1682008151,"i":1}},"t":52},"syncSourceIndex":-1}}
{"t":{"$date":"2023-04-20T17:29:21.673+01:00"},"s":"W",  "c":"REPL",     "id":21122,   "ctx":"BackgroundSync","msg":"Oplog fetcher stopped querying remote oplog with error","attr":{"error":"InvalidSyncSource: sync source localhost:25015 (config version: 5; last applied optime: { ts: Timestamp(1682008151, 1), t: 52 }; sync source index: -1; has primary index: 0) is no longer valid previous batch last fetched optime: { ts: Timestamp(1682008151, 1), t: 52 } current batch last fetched optime: { ts: Timestamp(1682008151, 1), t: 52 }"}}
{"t":{"$date":"2023-04-20T17:29:21.673+01:00"},"s":"I",  "c":"REPL",     "id":21080,   "ctx":"BackgroundSync","msg":"Clearing sync source to choose a new one","attr":{"syncSource":"localhost:25015"}}
{"t":{"$date":"2023-04-20T17:29:21.673+01:00"},"s":"I",  "c":"REPL",     "id":21798,   "ctx":"BackgroundSync","msg":"Could not find member to sync from"}
{"t":{"$date":"2023-04-20T17:29:21.674+01:00"},"s":"I",  "c":"REPL",     "id":21215,   "ctx":"ReplCoord-0","msg":"Member is in new state","attr":{"hostAndPort":"localhost:25015","newState":"SECONDARY"}}
