{"t":{"$date":"2023-04-23T17:04:22.664+01:00"},"s":"I",  "c":"CONTROL",  "id":23285,   "ctx":"thread1","msg":"Automatically disabling TLS 1.0, to force-enable TLS 1.0 specify --sslDisabledProtocols 'none'"}
{"t":{"$date":"2023-04-23T17:04:22.685+01:00"},"s":"I",  "c":"NETWORK",  "id":4915701, "ctx":"thread1","msg":"Initialized wire specification","attr":{"spec":{"incomingExternalClient":{"minWireVersion":0,"maxWireVersion":17},"incomingInternalClient":{"minWireVersion":0,"maxWireVersion":17},"outgoing":{"minWireVersion":6,"maxWireVersion":17},"isInternalClient":true}}}
{"t":{"$date":"2023-04-23T17:04:22.697+01:00"},"s":"I",  "c":"NETWORK",  "id":4648602, "ctx":"thread1","msg":"Implicit TCP FastOpen in use."}
{"t":{"$date":"2023-04-23T17:04:22.751+01:00"},"s":"I",  "c":"REPL",     "id":5123008, "ctx":"thread1","msg":"Successfully registered PrimaryOnlyService","attr":{"service":"TenantMigrationDonorService","namespace":"config.tenantMigrationDonors"}}
{"t":{"$date":"2023-04-23T17:04:22.751+01:00"},"s":"I",  "c":"REPL",     "id":5123008, "ctx":"thread1","msg":"Successfully registered PrimaryOnlyService","attr":{"service":"TenantMigrationRecipientService","namespace":"config.tenantMigrationRecipients"}}
{"t":{"$date":"2023-04-23T17:04:22.751+01:00"},"s":"I",  "c":"REPL",     "id":5123008, "ctx":"thread1","msg":"Successfully registered PrimaryOnlyService","attr":{"service":"ShardSplitDonorService","namespace":"config.tenantSplitDonors"}}
{"t":{"$date":"2023-04-23T17:04:22.751+01:00"},"s":"I",  "c":"CONTROL",  "id":5945603, "ctx":"thread1","msg":"Multi threading initialized"}
{"t":{"$date":"2023-04-23T17:04:22.757+01:00"},"s":"I",  "c":"CONTROL",  "id":4615611, "ctx":"initandlisten","msg":"MongoDB starting","attr":{"pid":13184,"port":25015,"dbPath":"C:/Users/wilio/Documents/GitHub/PISID/ReplicaSet_MongoDB/server2/data","architecture":"64-bit","host":"IronGodMachine"}}
{"t":{"$date":"2023-04-23T17:04:22.758+01:00"},"s":"I",  "c":"CONTROL",  "id":23398,   "ctx":"initandlisten","msg":"Target operating system minimum version","attr":{"targetMinOS":"Windows 7/Windows Server 2008 R2"}}
{"t":{"$date":"2023-04-23T17:04:22.760+01:00"},"s":"I",  "c":"CONTROL",  "id":23403,   "ctx":"initandlisten","msg":"Build Info","attr":{"buildInfo":{"version":"6.0.4","gitVersion":"44ff59461c1353638a71e710f385a566bcd2f547","modules":[],"allocator":"tcmalloc","environment":{"distmod":"windows","distarch":"x86_64","target_arch":"x86_64"}}}}
{"t":{"$date":"2023-04-23T17:04:22.760+01:00"},"s":"I",  "c":"CONTROL",  "id":51765,   "ctx":"initandlisten","msg":"Operating System","attr":{"os":{"name":"Microsoft Windows 10","version":"10.0 (build 22621)"}}}
{"t":{"$date":"2023-04-23T17:04:22.760+01:00"},"s":"I",  "c":"CONTROL",  "id":21951,   "ctx":"initandlisten","msg":"Options set by command line","attr":{"options":{"config":"C:\\Users\\wilio\\Documents\\GitHub\\PISID\\ReplicaSet_MongoDB\\server2\\server2.conf","net":{"port":25015},"replication":{"replSet":"Sensores"},"storage":{"dbPath":"C:\\Users\\wilio\\Documents\\GitHub\\PISID\\ReplicaSet_MongoDB\\server2\\data"},"systemLog":{"destination":"file","path":"C:\\Users\\wilio\\Documents\\GitHub\\PISID\\ReplicaSet_MongoDB\\server2\\logs\\mongo.log"}}}}
{"t":{"$date":"2023-04-23T17:04:22.779+01:00"},"s":"W",  "c":"STORAGE",  "id":22271,   "ctx":"initandlisten","msg":"Detected unclean shutdown - Lock file is not empty","attr":{"lockFile":"C:\\Users\\wilio\\Documents\\GitHub\\PISID\\ReplicaSet_MongoDB\\server2\\data\\mongod.lock"}}
{"t":{"$date":"2023-04-23T17:04:22.789+01:00"},"s":"I",  "c":"STORAGE",  "id":22270,   "ctx":"initandlisten","msg":"Storage engine to use detected by data files","attr":{"dbpath":"C:/Users/wilio/Documents/GitHub/PISID/ReplicaSet_MongoDB/server2/data","storageEngine":"wiredTiger"}}
{"t":{"$date":"2023-04-23T17:04:22.791+01:00"},"s":"W",  "c":"STORAGE",  "id":22302,   "ctx":"initandlisten","msg":"Recovering data from the last clean checkpoint."}
{"t":{"$date":"2023-04-23T17:04:22.804+01:00"},"s":"I",  "c":"STORAGE",  "id":22315,   "ctx":"initandlisten","msg":"Opening WiredTiger","attr":{"config":"create,cache_size=3521M,session_max=33000,eviction=(threads_min=4,threads_max=4),config_base=false,statistics=(fast),log=(enabled=true,remove=true,path=journal,compressor=snappy),builtin_extension_config=(zstd=(compression_level=6)),file_manager=(close_idle_time=600,close_scan_interval=10,close_handle_minimum=2000),statistics_log=(wait=0),json_output=(error,message),verbose=[recovery_progress:1,checkpoint_progress:1,compact_progress:1,backup:0,checkpoint:0,compact:0,evict:0,history_store:0,recovery:0,rts:0,salvage:0,tiered:0,timestamp:0,transaction:0,verify:0,log:0],"}}
{"t":{"$date":"2023-04-23T17:04:25.358+01:00"},"s":"I",  "c":"STORAGE",  "id":4795906, "ctx":"initandlisten","msg":"WiredTiger opened","attr":{"durationMillis":2554}}
{"t":{"$date":"2023-04-23T17:04:25.359+01:00"},"s":"I",  "c":"RECOVERY", "id":23987,   "ctx":"initandlisten","msg":"WiredTiger recoveryTimestamp","attr":{"recoveryTimestamp":{"$timestamp":{"t":1682017456,"i":1}}}}
{"t":{"$date":"2023-04-23T17:04:25.360+01:00"},"s":"I",  "c":"RECOVERY", "id":5380106, "ctx":"initandlisten","msg":"WiredTiger oldestTimestamp","attr":{"oldestTimestamp":{"$timestamp":{"t":1682017156,"i":1}}}}
{"t":{"$date":"2023-04-23T17:04:25.412+01:00"},"s":"I",  "c":"STORAGE",  "id":22383,   "ctx":"initandlisten","msg":"The size storer reports that the oplog contains","attr":{"numRecords":21597,"dataSize":3757566}}
{"t":{"$date":"2023-04-23T17:04:25.412+01:00"},"s":"I",  "c":"STORAGE",  "id":22386,   "ctx":"initandlisten","msg":"Sampling the oplog to determine where to place markers for truncation"}
{"t":{"$date":"2023-04-23T17:04:25.443+01:00"},"s":"I",  "c":"STORAGE",  "id":22389,   "ctx":"initandlisten","msg":"Sampling from the oplog to determine where to place markers for truncation","attr":{"from":{"$timestamp":{"t":1677583159,"i":1}},"to":{"$timestamp":{"t":1682017456,"i":1}}}}
{"t":{"$date":"2023-04-23T17:04:25.443+01:00"},"s":"I",  "c":"STORAGE",  "id":22390,   "ctx":"initandlisten","msg":"Taking samples and assuming each oplog section contains","attr":{"numSamples":2,"minBytesPerStone":16967876,"containsNumRecords":97525,"containsNumBytes":16967941}}
{"t":{"$date":"2023-04-23T17:04:25.445+01:00"},"s":"I",  "c":"STORAGE",  "id":22393,   "ctx":"initandlisten","msg":"Oplog sampling complete"}
{"t":{"$date":"2023-04-23T17:04:25.445+01:00"},"s":"I",  "c":"STORAGE",  "id":22382,   "ctx":"initandlisten","msg":"WiredTiger record store oplog processing finished","attr":{"durationMillis":32}}
{"t":{"$date":"2023-04-23T17:04:25.473+01:00"},"s":"W",  "c":"CONTROL",  "id":22120,   "ctx":"initandlisten","msg":"Access control is not enabled for the database. Read and write access to data and configuration is unrestricted","tags":["startupWarnings"]}
{"t":{"$date":"2023-04-23T17:04:25.474+01:00"},"s":"W",  "c":"CONTROL",  "id":22140,   "ctx":"initandlisten","msg":"This server is bound to localhost. Remote systems will be unable to connect to this server. Start the server with --bind_ip <address> to specify which IP addresses it should serve responses from, or with --bind_ip_all to bind to all interfaces. If this behavior is desired, start the server with --bind_ip 127.0.0.1 to disable this warning","tags":["startupWarnings"]}
{"t":{"$date":"2023-04-23T17:04:25.577+01:00"},"s":"I",  "c":"NETWORK",  "id":4915702, "ctx":"initandlisten","msg":"Updated wire specification","attr":{"oldSpec":{"incomingExternalClient":{"minWireVersion":0,"maxWireVersion":17},"incomingInternalClient":{"minWireVersion":0,"maxWireVersion":17},"outgoing":{"minWireVersion":6,"maxWireVersion":17},"isInternalClient":true},"newSpec":{"incomingExternalClient":{"minWireVersion":0,"maxWireVersion":17},"incomingInternalClient":{"minWireVersion":17,"maxWireVersion":17},"outgoing":{"minWireVersion":17,"maxWireVersion":17},"isInternalClient":true}}}
{"t":{"$date":"2023-04-23T17:04:25.577+01:00"},"s":"I",  "c":"REPL",     "id":5853300, "ctx":"initandlisten","msg":"current featureCompatibilityVersion value","attr":{"featureCompatibilityVersion":"6.0","context":"startup"}}
{"t":{"$date":"2023-04-23T17:04:25.586+01:00"},"s":"I",  "c":"STORAGE",  "id":5071100, "ctx":"initandlisten","msg":"Clearing temp directory"}
{"t":{"$date":"2023-04-23T17:04:25.660+01:00"},"s":"I",  "c":"CONTROL",  "id":20536,   "ctx":"initandlisten","msg":"Flow Control is enabled on this deployment"}
{"t":{"$date":"2023-04-23T17:04:25.661+01:00"},"s":"I",  "c":"STORAGE",  "id":5380103, "ctx":"initandlisten","msg":"Unpin oldest timestamp request","attr":{"service":"_wt_startup","requestedTs":{"$timestamp":{"t":1682017156,"i":1}}}}
{"t":{"$date":"2023-04-23T17:04:27.426+01:00"},"s":"I",  "c":"FTDC",     "id":20625,   "ctx":"initandlisten","msg":"Initializing full-time diagnostic data capture","attr":{"dataDirectory":"C:/Users/wilio/Documents/GitHub/PISID/ReplicaSet_MongoDB/server2/data/diagnostic.data"}}
{"t":{"$date":"2023-04-23T17:04:27.510+01:00"},"s":"I",  "c":"REPL",     "id":6015317, "ctx":"initandlisten","msg":"Setting new configuration state","attr":{"newState":"ConfigStartingUp","oldState":"ConfigPreStart"}}
{"t":{"$date":"2023-04-23T17:04:27.518+01:00"},"s":"I",  "c":"REPL",     "id":6005300, "ctx":"initandlisten","msg":"Starting up replica set aware services"}
{"t":{"$date":"2023-04-23T17:04:27.521+01:00"},"s":"I",  "c":"REPL",     "id":4280500, "ctx":"initandlisten","msg":"Attempting to create internal replication collections"}
{"t":{"$date":"2023-04-23T17:04:27.548+01:00"},"s":"I",  "c":"-",        "id":4939300, "ctx":"monitoring-keys-for-HMAC","msg":"Failed to refresh key cache","attr":{"error":"ReadConcernMajorityNotAvailableYet: Read concern majority reads are currently not possible.","nextWakeupMillis":200}}
{"t":{"$date":"2023-04-23T17:04:27.549+01:00"},"s":"I",  "c":"REPL",     "id":4280501, "ctx":"initandlisten","msg":"Attempting to load local voted for document"}
{"t":{"$date":"2023-04-23T17:04:27.555+01:00"},"s":"I",  "c":"REPL",     "id":4280502, "ctx":"initandlisten","msg":"Searching for local Rollback ID document"}
{"t":{"$date":"2023-04-23T17:04:27.570+01:00"},"s":"I",  "c":"REPL",     "id":21529,   "ctx":"initandlisten","msg":"Initializing rollback ID","attr":{"rbid":22}}
{"t":{"$date":"2023-04-23T17:04:27.570+01:00"},"s":"I",  "c":"REPL",     "id":501401,  "ctx":"initandlisten","msg":"Incrementing the rollback ID after unclean shutdown"}
{"t":{"$date":"2023-04-23T17:04:27.588+01:00"},"s":"I",  "c":"REPL",     "id":21532,   "ctx":"initandlisten","msg":"Incremented the rollback ID","attr":{"rbid":23}}
{"t":{"$date":"2023-04-23T17:04:27.591+01:00"},"s":"I",  "c":"REPL",     "id":4280504, "ctx":"initandlisten","msg":"Cleaning up any partially applied oplog batches & reading last op from oplog"}
{"t":{"$date":"2023-04-23T17:04:27.604+01:00"},"s":"I",  "c":"CONTROL",  "id":6608200, "ctx":"initandlisten","msg":"Initializing cluster server parameters from disk"}
{"t":{"$date":"2023-04-23T17:04:27.605+01:00"},"s":"I",  "c":"REPL",     "id":21544,   "ctx":"initandlisten","msg":"Recovering from stable timestamp","attr":{"stableTimestamp":{"$timestamp":{"t":1682017456,"i":1}},"topOfOplog":{"ts":{"$timestamp":{"t":1682017456,"i":1}},"t":56},"appliedThrough":{"ts":{"$timestamp":{"t":0,"i":0}},"t":-1}}}
{"t":{"$date":"2023-04-23T17:04:27.605+01:00"},"s":"I",  "c":"REPL",     "id":21545,   "ctx":"initandlisten","msg":"Starting recovery oplog application at the stable timestamp","attr":{"stableTimestamp":{"$timestamp":{"t":1682017456,"i":1}}}}
{"t":{"$date":"2023-04-23T17:04:27.605+01:00"},"s":"I",  "c":"REPL",     "id":5466604, "ctx":"initandlisten","msg":"Start point for recovery oplog application exists in oplog. No adjustment necessary","attr":{"startPoint":{"$timestamp":{"t":1682017456,"i":1}}}}
{"t":{"$date":"2023-04-23T17:04:27.605+01:00"},"s":"I",  "c":"REPL",     "id":21549,   "ctx":"initandlisten","msg":"No oplog entries to apply for recovery. Start point is at the top of the oplog"}
{"t":{"$date":"2023-04-23T17:04:27.605+01:00"},"s":"I",  "c":"REPL",     "id":4280505, "ctx":"initandlisten","msg":"Creating any necessary TenantMigrationAccessBlockers for unfinished migrations"}
{"t":{"$date":"2023-04-23T17:04:27.632+01:00"},"s":"I",  "c":"REPL",     "id":4280506, "ctx":"initandlisten","msg":"Reconstructing prepared transactions"}
{"t":{"$date":"2023-04-23T17:04:27.643+01:00"},"s":"I",  "c":"REPL",     "id":4280508, "ctx":"ReplCoord-0","msg":"Attempting to set local replica set config; validating config for startup"}
{"t":{"$date":"2023-04-23T17:04:27.643+01:00"},"s":"I",  "c":"REPL",     "id":4280507, "ctx":"initandlisten","msg":"Loaded replica set config, scheduled callback to set local config"}
{"t":{"$date":"2023-04-23T17:04:27.644+01:00"},"s":"I",  "c":"STORAGE",  "id":22262,   "ctx":"initandlisten","msg":"Timestamp monitor starting"}
{"t":{"$date":"2023-04-23T17:04:27.681+01:00"},"s":"I",  "c":"CONTROL",  "id":20714,   "ctx":"LogicalSessionCacheRefresh","msg":"Failed to refresh session cache, will try again at the next refresh interval","attr":{"error":"NotYetInitialized: Replication has not yet been configured"}}
{"t":{"$date":"2023-04-23T17:04:27.688+01:00"},"s":"I",  "c":"REPL",     "id":40440,   "ctx":"initandlisten","msg":"Starting the TopologyVersionObserver"}
{"t":{"$date":"2023-04-23T17:04:27.688+01:00"},"s":"I",  "c":"CONTROL",  "id":20711,   "ctx":"LogicalSessionCacheReap","msg":"Failed to reap transaction table","attr":{"error":"NotYetInitialized: Replication has not yet been configured"}}
{"t":{"$date":"2023-04-23T17:04:27.690+01:00"},"s":"I",  "c":"REPL",     "id":40445,   "ctx":"TopologyVersionObserver","msg":"Started TopologyVersionObserver"}
{"t":{"$date":"2023-04-23T17:04:27.692+01:00"},"s":"I",  "c":"NETWORK",  "id":23015,   "ctx":"listener","msg":"Listening on","attr":{"address":"127.0.0.1"}}
{"t":{"$date":"2023-04-23T17:04:27.692+01:00"},"s":"I",  "c":"NETWORK",  "id":23016,   "ctx":"listener","msg":"Waiting for connections","attr":{"port":25015,"ssl":"off"}}
{"t":{"$date":"2023-04-23T17:04:27.707+01:00"},"s":"I",  "c":"NETWORK",  "id":22943,   "ctx":"listener","msg":"Connection accepted","attr":{"remote":"127.0.0.1:50585","uuid":"823e9125-c3a7-42e9-b146-5898c31ddb7e","connectionId":1,"connectionCount":1}}
{"t":{"$date":"2023-04-23T17:04:27.711+01:00"},"s":"I",  "c":"NETWORK",  "id":22944,   "ctx":"conn1","msg":"Connection ended","attr":{"remote":"127.0.0.1:50585","uuid":"823e9125-c3a7-42e9-b146-5898c31ddb7e","connectionId":1,"connectionCount":0}}
{"t":{"$date":"2023-04-23T17:04:27.759+01:00"},"s":"I",  "c":"REPL",     "id":4280509, "ctx":"ReplCoord-0","msg":"Local configuration validated for startup"}
{"t":{"$date":"2023-04-23T17:04:27.759+01:00"},"s":"I",  "c":"REPL",     "id":6015317, "ctx":"ReplCoord-0","msg":"Setting new configuration state","attr":{"newState":"ConfigSteady","oldState":"ConfigStartingUp"}}
{"t":{"$date":"2023-04-23T17:04:27.760+01:00"},"s":"I",  "c":"REPL",     "id":21392,   "ctx":"ReplCoord-0","msg":"New replica set config in use","attr":{"config":{"_id":"Sensores","version":5,"term":56,"members":[{"_id":0,"host":"localhost:27015","arbiterOnly":false,"buildIndexes":true,"hidden":false,"priority":1,"tags":{},"secondaryDelaySecs":0,"votes":1},{"_id":1,"host":"localhost:25015","arbiterOnly":false,"buildIndexes":true,"hidden":false,"priority":1,"tags":{},"secondaryDelaySecs":0,"votes":1},{"_id":2,"host":"localhost:23015","arbiterOnly":false,"buildIndexes":true,"hidden":false,"priority":1,"tags":{},"secondaryDelaySecs":0,"votes":1}],"protocolVersion":1,"writeConcernMajorityJournalDefault":true,"settings":{"chainingAllowed":true,"heartbeatIntervalMillis":2000,"heartbeatTimeoutSecs":10,"electionTimeoutMillis":10000,"catchUpTimeoutMillis":-1,"catchUpTakeoverDelayMillis":30000,"getLastErrorModes":{},"getLastErrorDefaults":{"w":1,"wtimeout":0},"replicaSetId":{"$oid":"63fde22e71b734aea068b454"}}}}}
{"t":{"$date":"2023-04-23T17:04:27.760+01:00"},"s":"I",  "c":"REPL",     "id":21393,   "ctx":"ReplCoord-0","msg":"Found self in config","attr":{"hostAndPort":"localhost:25015"}}
{"t":{"$date":"2023-04-23T17:04:27.760+01:00"},"s":"I",  "c":"REPL",     "id":21358,   "ctx":"ReplCoord-0","msg":"Replica set state transition","attr":{"newState":"STARTUP2","oldState":"STARTUP"}}
{"t":{"$date":"2023-04-23T17:04:27.778+01:00"},"s":"I",  "c":"REPL",     "id":21320,   "ctx":"ReplCoord-0","msg":"Updated term","attr":{"term":56}}
{"t":{"$date":"2023-04-23T17:04:27.778+01:00"},"s":"I",  "c":"REPL",     "id":21306,   "ctx":"ReplCoord-0","msg":"Starting replication storage threads"}
{"t":{"$date":"2023-04-23T17:04:27.779+01:00"},"s":"I",  "c":"REPL",     "id":4280512, "ctx":"ReplCoord-0","msg":"No initial sync required. Attempting to begin steady replication"}
{"t":{"$date":"2023-04-23T17:04:27.779+01:00"},"s":"I",  "c":"REPL",     "id":21358,   "ctx":"ReplCoord-0","msg":"Replica set state transition","attr":{"newState":"RECOVERING","oldState":"STARTUP2"}}
{"t":{"$date":"2023-04-23T17:04:27.782+01:00"},"s":"I",  "c":"-",        "id":4939300, "ctx":"monitoring-keys-for-HMAC","msg":"Failed to refresh key cache","attr":{"error":"ReadConcernMajorityNotAvailableYet: Read concern majority reads are currently not possible.","nextWakeupMillis":400}}
{"t":{"$date":"2023-04-23T17:04:27.782+01:00"},"s":"I",  "c":"CONNPOOL", "id":22576,   "ctx":"ReplNetwork","msg":"Connecting","attr":{"hostAndPort":"localhost:27015"}}
{"t":{"$date":"2023-04-23T17:04:27.785+01:00"},"s":"I",  "c":"REPL",     "id":21299,   "ctx":"ReplCoord-0","msg":"Starting replication fetcher thread"}
{"t":{"$date":"2023-04-23T17:04:27.785+01:00"},"s":"I",  "c":"REPL",     "id":21300,   "ctx":"ReplCoord-0","msg":"Starting replication applier thread"}
{"t":{"$date":"2023-04-23T17:04:27.785+01:00"},"s":"I",  "c":"REPL",     "id":21301,   "ctx":"ReplCoord-0","msg":"Starting replication reporter thread"}
{"t":{"$date":"2023-04-23T17:04:27.785+01:00"},"s":"I",  "c":"REPL",     "id":4280511, "ctx":"ReplCoord-0","msg":"Set local replica set config"}
{"t":{"$date":"2023-04-23T17:04:27.792+01:00"},"s":"I",  "c":"REPL",     "id":21224,   "ctx":"OplogApplier-0","msg":"Starting oplog application"}
{"t":{"$date":"2023-04-23T17:04:27.792+01:00"},"s":"I",  "c":"REPL",     "id":21358,   "ctx":"OplogApplier-0","msg":"Replica set state transition","attr":{"newState":"SECONDARY","oldState":"RECOVERING"}}
{"t":{"$date":"2023-04-23T17:04:27.793+01:00"},"s":"I",  "c":"REPL",     "id":21106,   "ctx":"OplogApplier-0","msg":"Resetting sync source to empty","attr":{"previousSyncSource":":27017"}}
{"t":{"$date":"2023-04-23T17:04:27.794+01:00"},"s":"I",  "c":"CONNPOOL", "id":22576,   "ctx":"ReplNetwork","msg":"Connecting","attr":{"hostAndPort":"localhost:23015"}}
{"t":{"$date":"2023-04-23T17:04:27.797+01:00"},"s":"I",  "c":"REPL",     "id":21783,   "ctx":"BackgroundSync","msg":"Waiting for pings from other members before syncing","attr":{"pingsNeeded":4}}
{"t":{"$date":"2023-04-23T17:04:27.797+01:00"},"s":"I",  "c":"NETWORK",  "id":22943,   "ctx":"listener","msg":"Connection accepted","attr":{"remote":"127.0.0.1:50589","uuid":"74ea20b5-d687-41f9-8f9f-a339eff70fd1","connectionId":4,"connectionCount":1}}
{"t":{"$date":"2023-04-23T17:04:27.809+01:00"},"s":"I",  "c":"NETWORK",  "id":51800,   "ctx":"conn4","msg":"client metadata","attr":{"remote":"127.0.0.1:50589","client":"conn4","doc":{"driver":{"name":"NetworkInterfaceTL-ReplNetwork","version":"6.0.4"},"os":{"type":"Windows","name":"Microsoft Windows 10","architecture":"x86_64","version":"10.0 (build 22621)"}}}}
{"t":{"$date":"2023-04-23T17:04:27.822+01:00"},"s":"I",  "c":"REPL",     "id":21215,   "ctx":"ReplCoord-2","msg":"Member is in new state","attr":{"hostAndPort":"localhost:23015","newState":"SECONDARY"}}
{"t":{"$date":"2023-04-23T17:04:27.824+01:00"},"s":"I",  "c":"REPL_HB",  "id":23974,   "ctx":"ReplCoord-2","msg":"Heartbeat failed after max retries","attr":{"target":"localhost:27015","maxHeartbeatRetries":2,"error":{"code":94,"codeName":"NotYetInitialized","errmsg":"Received heartbeat while still initializing replication system"}}}
{"t":{"$date":"2023-04-23T17:04:27.824+01:00"},"s":"I",  "c":"REPL",     "id":21216,   "ctx":"ReplCoord-2","msg":"Member is now in state DOWN","attr":{"hostAndPort":"localhost:27015","heartbeatMessage":"Received heartbeat while still initializing replication system"}}
{"t":{"$date":"2023-04-23T17:04:28.192+01:00"},"s":"I",  "c":"-",        "id":4939300, "ctx":"monitoring-keys-for-HMAC","msg":"Failed to refresh key cache","attr":{"error":"ReadConcernMajorityNotAvailableYet: Read concern majority reads are currently not possible.","nextWakeupMillis":600}}
{"t":{"$date":"2023-04-23T17:04:28.235+01:00"},"s":"I",  "c":"NETWORK",  "id":22943,   "ctx":"listener","msg":"Connection accepted","attr":{"remote":"127.0.0.1:50582","uuid":"7cb79ed2-610f-4a95-b12c-1303eeb40085","connectionId":7,"connectionCount":2}}
{"t":{"$date":"2023-04-23T17:04:28.253+01:00"},"s":"I",  "c":"NETWORK",  "id":22944,   "ctx":"conn7","msg":"Connection ended","attr":{"remote":"127.0.0.1:50582","uuid":"7cb79ed2-610f-4a95-b12c-1303eeb40085","connectionId":7,"connectionCount":1}}
{"t":{"$date":"2023-04-23T17:04:28.320+01:00"},"s":"I",  "c":"NETWORK",  "id":22943,   "ctx":"listener","msg":"Connection accepted","attr":{"remote":"127.0.0.1:50592","uuid":"1abb1bdb-4abd-4e52-be6d-dd17d98d9f91","connectionId":8,"connectionCount":2}}
{"t":{"$date":"2023-04-23T17:04:28.340+01:00"},"s":"I",  "c":"REPL",     "id":21215,   "ctx":"ReplCoord-2","msg":"Member is in new state","attr":{"hostAndPort":"localhost:27015","newState":"SECONDARY"}}
{"t":{"$date":"2023-04-23T17:04:28.345+01:00"},"s":"I",  "c":"NETWORK",  "id":51800,   "ctx":"conn8","msg":"client metadata","attr":{"remote":"127.0.0.1:50592","client":"conn8","doc":{"driver":{"name":"NetworkInterfaceTL-ReplNetwork","version":"6.0.4"},"os":{"type":"Windows","name":"Microsoft Windows 10","architecture":"x86_64","version":"10.0 (build 22621)"}}}}
{"t":{"$date":"2023-04-23T17:04:28.801+01:00"},"s":"I",  "c":"-",        "id":4939300, "ctx":"monitoring-keys-for-HMAC","msg":"Failed to refresh key cache","attr":{"error":"ReadConcernMajorityNotAvailableYet: Read concern majority reads are currently not possible.","nextWakeupMillis":800}}
{"t":{"$date":"2023-04-23T17:04:29.615+01:00"},"s":"I",  "c":"-",        "id":4939300, "ctx":"monitoring-keys-for-HMAC","msg":"Failed to refresh key cache","attr":{"error":"ReadConcernMajorityNotAvailableYet: Read concern majority reads are currently not possible.","nextWakeupMillis":1000}}
{"t":{"$date":"2023-04-23T17:04:30.634+01:00"},"s":"I",  "c":"-",        "id":4939300, "ctx":"monitoring-keys-for-HMAC","msg":"Failed to refresh key cache","attr":{"error":"ReadConcernMajorityNotAvailableYet: Read concern majority reads are currently not possible.","nextWakeupMillis":1200}}
{"t":{"$date":"2023-04-23T17:04:31.856+01:00"},"s":"I",  "c":"-",        "id":4939300, "ctx":"monitoring-keys-for-HMAC","msg":"Failed to refresh key cache","attr":{"error":"ReadConcernMajorityNotAvailableYet: Read concern majority reads are currently not possible.","nextWakeupMillis":1400}}
{"t":{"$date":"2023-04-23T17:04:33.277+01:00"},"s":"I",  "c":"-",        "id":4939300, "ctx":"monitoring-keys-for-HMAC","msg":"Failed to refresh key cache","attr":{"error":"ReadConcernMajorityNotAvailableYet: Read concern majority reads are currently not possible.","nextWakeupMillis":1600}}
{"t":{"$date":"2023-04-23T17:04:34.936+01:00"},"s":"I",  "c":"-",        "id":4939300, "ctx":"monitoring-keys-for-HMAC","msg":"Failed to refresh key cache","attr":{"error":"ReadConcernMajorityNotAvailableYet: Read concern majority reads are currently not possible.","nextWakeupMillis":1800}}
{"t":{"$date":"2023-04-23T17:04:36.756+01:00"},"s":"I",  "c":"-",        "id":4939300, "ctx":"monitoring-keys-for-HMAC","msg":"Failed to refresh key cache","attr":{"error":"ReadConcernMajorityNotAvailableYet: Read concern majority reads are currently not possible.","nextWakeupMillis":2000}}
{"t":{"$date":"2023-04-23T17:04:37.116+01:00"},"s":"I",  "c":"NETWORK",  "id":22943,   "ctx":"listener","msg":"Connection accepted","attr":{"remote":"127.0.0.1:50634","uuid":"477d3ecf-c601-43be-b780-6eaacaef1c3d","connectionId":9,"connectionCount":3}}
{"t":{"$date":"2023-04-23T17:04:37.130+01:00"},"s":"I",  "c":"NETWORK",  "id":51800,   "ctx":"conn9","msg":"client metadata","attr":{"remote":"127.0.0.1:50634","client":"conn9","doc":{"driver":{"name":"nodejs","version":"5.1.0"},"os":{"type":"Windows_NT","name":"win32","architecture":"x64","version":"10.0.22621"},"platform":"Node.js v16.14.2, LE (unified)|Node.js v16.14.2, LE (unified)","application":{"name":"mongodb-vscode 0.10.0"}}}}
{"t":{"$date":"2023-04-23T17:04:38.760+01:00"},"s":"I",  "c":"-",        "id":4939300, "ctx":"monitoring-keys-for-HMAC","msg":"Failed to refresh key cache","attr":{"error":"ReadConcernMajorityNotAvailableYet: Read concern majority reads are currently not possible.","nextWakeupMillis":2200}}
{"t":{"$date":"2023-04-23T17:04:38.910+01:00"},"s":"I",  "c":"ELECTION", "id":4615652, "ctx":"ReplCoord-0","msg":"Starting an election, since we've seen no PRIMARY in election timeout period","attr":{"electionTimeoutPeriodMillis":10000}}
{"t":{"$date":"2023-04-23T17:04:38.910+01:00"},"s":"I",  "c":"ELECTION", "id":21438,   "ctx":"ReplCoord-0","msg":"Conducting a dry run election to see if we could be elected","attr":{"currentTerm":57}}
{"t":{"$date":"2023-04-23T17:04:38.911+01:00"},"s":"I",  "c":"REPL",     "id":21752,   "ctx":"ReplCoord-0","msg":"Scheduling remote command request","attr":{"context":"vote request","request":"RemoteCommand 47 -- target:localhost:27015 db:admin cmd:{ replSetRequestVotes: 1, setName: \"Sensores\", dryRun: true, term: 57, candidateIndex: 1, configVersion: 5, configTerm: 56, lastAppliedOpTime: { ts: Timestamp(1682017456, 1), t: 56 } }"}}
{"t":{"$date":"2023-04-23T17:04:38.911+01:00"},"s":"I",  "c":"REPL",     "id":21752,   "ctx":"ReplCoord-0","msg":"Scheduling remote command request","attr":{"context":"vote request","request":"RemoteCommand 48 -- target:localhost:23015 db:admin cmd:{ replSetRequestVotes: 1, setName: \"Sensores\", dryRun: true, term: 57, candidateIndex: 1, configVersion: 5, configTerm: 56, lastAppliedOpTime: { ts: Timestamp(1682017456, 1), t: 56 } }"}}
{"t":{"$date":"2023-04-23T17:04:38.916+01:00"},"s":"I",  "c":"ELECTION", "id":51799,   "ctx":"ReplCoord-2","msg":"VoteRequester processResponse","attr":{"term":57,"dryRun":true,"vote":"yes","from":"localhost:23015","message":{"term":57,"voteGranted":true,"reason":"","ok":1,"$clusterTime":{"clusterTime":{"$timestamp":{"t":1682017456,"i":1}},"signature":{"hash":{"$binary":{"base64":"AAAAAAAAAAAAAAAAAAAAAAAAAAA=","subType":"0"}},"keyId":0}},"operationTime":{"$timestamp":{"t":1682017456,"i":1}}}}}
{"t":{"$date":"2023-04-23T17:04:38.920+01:00"},"s":"I",  "c":"ELECTION", "id":21444,   "ctx":"ReplCoord-0","msg":"Dry election run succeeded, running for election","attr":{"newTerm":58}}
{"t":{"$date":"2023-04-23T17:04:38.920+01:00"},"s":"I",  "c":"ELECTION", "id":6015300, "ctx":"ReplCoord-0","msg":"Storing last vote document in local storage for my election","attr":{"lastVote":{"term":58,"candidateIndex":1}}}
{"t":{"$date":"2023-04-23T17:04:38.924+01:00"},"s":"I",  "c":"REPL",     "id":21752,   "ctx":"ReplCoord-0","msg":"Scheduling remote command request","attr":{"context":"vote request","request":"RemoteCommand 49 -- target:localhost:27015 db:admin cmd:{ replSetRequestVotes: 1, setName: \"Sensores\", dryRun: false, term: 58, candidateIndex: 1, configVersion: 5, configTerm: 56, lastAppliedOpTime: { ts: Timestamp(1682017456, 1), t: 56 } }"}}
{"t":{"$date":"2023-04-23T17:04:38.924+01:00"},"s":"I",  "c":"REPL",     "id":21752,   "ctx":"ReplCoord-0","msg":"Scheduling remote command request","attr":{"context":"vote request","request":"RemoteCommand 50 -- target:localhost:23015 db:admin cmd:{ replSetRequestVotes: 1, setName: \"Sensores\", dryRun: false, term: 58, candidateIndex: 1, configVersion: 5, configTerm: 56, lastAppliedOpTime: { ts: Timestamp(1682017456, 1), t: 56 } }"}}
{"t":{"$date":"2023-04-23T17:04:38.929+01:00"},"s":"I",  "c":"ELECTION", "id":51799,   "ctx":"ReplCoord-1","msg":"VoteRequester processResponse","attr":{"term":58,"dryRun":false,"vote":"yes","from":"localhost:27015","message":{"term":58,"voteGranted":true,"reason":"","ok":1,"$clusterTime":{"clusterTime":{"$timestamp":{"t":1682017456,"i":1}},"signature":{"hash":{"$binary":{"base64":"AAAAAAAAAAAAAAAAAAAAAAAAAAA=","subType":"0"}},"keyId":0}},"operationTime":{"$timestamp":{"t":1682017456,"i":1}}}}}
{"t":{"$date":"2023-04-23T17:04:38.929+01:00"},"s":"I",  "c":"ELECTION", "id":21450,   "ctx":"ReplCoord-0","msg":"Election succeeded, assuming primary role","attr":{"term":58}}
{"t":{"$date":"2023-04-23T17:04:38.929+01:00"},"s":"I",  "c":"REPL",     "id":21358,   "ctx":"ReplCoord-0","msg":"Replica set state transition","attr":{"newState":"PRIMARY","oldState":"SECONDARY"}}
{"t":{"$date":"2023-04-23T17:04:38.929+01:00"},"s":"I",  "c":"REPL",     "id":21106,   "ctx":"ReplCoord-0","msg":"Resetting sync source to empty","attr":{"previousSyncSource":":27017"}}
{"t":{"$date":"2023-04-23T17:04:38.929+01:00"},"s":"I",  "c":"REPL",     "id":21359,   "ctx":"ReplCoord-0","msg":"Entering primary catch-up mode"}
{"t":{"$date":"2023-04-23T17:04:38.944+01:00"},"s":"I",  "c":"REPL",     "id":21364,   "ctx":"ReplCoord-1","msg":"Caught up to the latest optime known via heartbeats after becoming primary","attr":{"targetOpTime":{"ts":{"$timestamp":{"t":1682017456,"i":1}},"t":56},"myLastApplied":{"ts":{"$timestamp":{"t":1682017456,"i":1}},"t":56}}}
{"t":{"$date":"2023-04-23T17:04:38.944+01:00"},"s":"I",  "c":"REPL",     "id":21363,   "ctx":"ReplCoord-1","msg":"Exited primary catch-up mode"}
{"t":{"$date":"2023-04-23T17:04:38.944+01:00"},"s":"I",  "c":"REPL",     "id":21107,   "ctx":"ReplCoord-1","msg":"Stopping replication producer"}
{"t":{"$date":"2023-04-23T17:04:38.945+01:00"},"s":"I",  "c":"REPL",     "id":21239,   "ctx":"ReplBatcher","msg":"Oplog buffer has been drained","attr":{"term":58}}
{"t":{"$date":"2023-04-23T17:04:39.044+01:00"},"s":"I",  "c":"REPL",     "id":21343,   "ctx":"RstlKillOpThread","msg":"Starting to kill user operations"}
{"t":{"$date":"2023-04-23T17:04:39.044+01:00"},"s":"I",  "c":"REPL",     "id":21344,   "ctx":"RstlKillOpThread","msg":"Stopped killing user operations"}
{"t":{"$date":"2023-04-23T17:04:39.044+01:00"},"s":"I",  "c":"REPL",     "id":21340,   "ctx":"RstlKillOpThread","msg":"State transition ops metrics","attr":{"metrics":{"lastStateTransition":"stepUp","userOpsKilled":0,"userOpsRunning":2}}}
{"t":{"$date":"2023-04-23T17:04:39.064+01:00"},"s":"I",  "c":"REPL",     "id":4508103, "ctx":"OplogApplier-0","msg":"Increment the config term via reconfig"}
{"t":{"$date":"2023-04-23T17:04:39.065+01:00"},"s":"I",  "c":"REPL",     "id":6015313, "ctx":"OplogApplier-0","msg":"Replication config state is Steady, starting reconfig"}
{"t":{"$date":"2023-04-23T17:04:39.065+01:00"},"s":"I",  "c":"REPL",     "id":6015317, "ctx":"OplogApplier-0","msg":"Setting new configuration state","attr":{"newState":"ConfigReconfiguring","oldState":"ConfigSteady"}}
{"t":{"$date":"2023-04-23T17:04:39.065+01:00"},"s":"I",  "c":"REPL",     "id":21353,   "ctx":"OplogApplier-0","msg":"replSetReconfig config object parses ok","attr":{"numMembers":3}}
{"t":{"$date":"2023-04-23T17:04:39.065+01:00"},"s":"I",  "c":"REPL",     "id":51814,   "ctx":"OplogApplier-0","msg":"Persisting new config to disk"}
{"t":{"$date":"2023-04-23T17:04:39.072+01:00"},"s":"I",  "c":"REPL",     "id":6015315, "ctx":"OplogApplier-0","msg":"Persisted new config to disk"}
{"t":{"$date":"2023-04-23T17:04:39.073+01:00"},"s":"I",  "c":"REPL",     "id":6015317, "ctx":"OplogApplier-0","msg":"Setting new configuration state","attr":{"newState":"ConfigSteady","oldState":"ConfigReconfiguring"}}
{"t":{"$date":"2023-04-23T17:04:39.073+01:00"},"s":"I",  "c":"REPL",     "id":21392,   "ctx":"OplogApplier-0","msg":"New replica set config in use","attr":{"config":{"_id":"Sensores","version":5,"term":58,"members":[{"_id":0,"host":"localhost:27015","arbiterOnly":false,"buildIndexes":true,"hidden":false,"priority":1,"tags":{},"secondaryDelaySecs":0,"votes":1},{"_id":1,"host":"localhost:25015","arbiterOnly":false,"buildIndexes":true,"hidden":false,"priority":1,"tags":{},"secondaryDelaySecs":0,"votes":1},{"_id":2,"host":"localhost:23015","arbiterOnly":false,"buildIndexes":true,"hidden":false,"priority":1,"tags":{},"secondaryDelaySecs":0,"votes":1}],"protocolVersion":1,"writeConcernMajorityJournalDefault":true,"settings":{"chainingAllowed":true,"heartbeatIntervalMillis":2000,"heartbeatTimeoutSecs":10,"electionTimeoutMillis":10000,"catchUpTimeoutMillis":-1,"catchUpTakeoverDelayMillis":30000,"getLastErrorModes":{},"getLastErrorDefaults":{"w":1,"wtimeout":0},"replicaSetId":{"$oid":"63fde22e71b734aea068b454"}}}}}
{"t":{"$date":"2023-04-23T17:04:39.073+01:00"},"s":"I",  "c":"REPL",     "id":21393,   "ctx":"OplogApplier-0","msg":"Found self in config","attr":{"hostAndPort":"localhost:25015"}}
{"t":{"$date":"2023-04-23T17:04:39.073+01:00"},"s":"I",  "c":"REPL",     "id":6015310, "ctx":"OplogApplier-0","msg":"Starting to transition to primary."}
{"t":{"$date":"2023-04-23T17:04:39.076+01:00"},"s":"I",  "c":"REPL",     "id":6015309, "ctx":"OplogApplier-0","msg":"Logging transition to primary to oplog on stepup"}
{"t":{"$date":"2023-04-23T17:04:39.077+01:00"},"s":"I",  "c":"STORAGE",  "id":20657,   "ctx":"OplogApplier-0","msg":"IndexBuildsCoordinator::onStepUp - this node is stepping up to primary"}
{"t":{"$date":"2023-04-23T17:04:39.083+01:00"},"s":"I",  "c":"REPL",     "id":21331,   "ctx":"OplogApplier-0","msg":"Transition to primary complete; database writes are now permitted"}
{"t":{"$date":"2023-04-23T17:04:39.093+01:00"},"s":"I",  "c":"-",        "id":4939300, "ctx":"monitoring-keys-for-HMAC","msg":"Failed to refresh key cache","attr":{"error":"ReadConcernMajorityNotAvailableYet: Read concern majority reads are currently not possible.","nextWakeupMillis":2400}}
{"t":{"$date":"2023-04-23T17:04:39.105+01:00"},"s":"I",  "c":"NETWORK",  "id":22943,   "ctx":"listener","msg":"Connection accepted","attr":{"remote":"127.0.0.1:50675","uuid":"41f6554a-ab5e-44b4-b56c-46334a39700e","connectionId":10,"connectionCount":4}}
{"t":{"$date":"2023-04-23T17:04:39.115+01:00"},"s":"I",  "c":"NETWORK",  "id":51800,   "ctx":"conn10","msg":"client metadata","attr":{"remote":"127.0.0.1:50675","client":"conn10","doc":{"driver":{"name":"nodejs","version":"5.1.0"},"os":{"type":"Windows_NT","name":"win32","architecture":"x64","version":"10.0.22621"},"platform":"Node.js v16.14.2, LE (unified)|Node.js v16.14.2, LE (unified)","application":{"name":"mongodb-vscode 0.10.0"}}}}
{"t":{"$date":"2023-04-23T17:04:39.194+01:00"},"s":"I",  "c":"NETWORK",  "id":22943,   "ctx":"listener","msg":"Connection accepted","attr":{"remote":"127.0.0.1:50676","uuid":"33416202-b718-4d88-8140-0a5c491a12c6","connectionId":11,"connectionCount":5}}
{"t":{"$date":"2023-04-23T17:04:39.195+01:00"},"s":"I",  "c":"NETWORK",  "id":22943,   "ctx":"listener","msg":"Connection accepted","attr":{"remote":"127.0.0.1:50677","uuid":"725eca8e-0be3-40e2-b567-fb76d92e98dc","connectionId":12,"connectionCount":6}}
{"t":{"$date":"2023-04-23T17:04:39.256+01:00"},"s":"I",  "c":"NETWORK",  "id":51800,   "ctx":"conn11","msg":"client metadata","attr":{"remote":"127.0.0.1:50676","client":"conn11","doc":{"driver":{"name":"nodejs","version":"5.1.0"},"os":{"type":"Windows_NT","name":"win32","architecture":"x64","version":"10.0.22621"},"platform":"Node.js v16.14.2, LE (unified)|Node.js v16.14.2, LE (unified)","application":{"name":"mongodb-vscode 0.10.0"}}}}
{"t":{"$date":"2023-04-23T17:04:39.320+01:00"},"s":"I",  "c":"NETWORK",  "id":51800,   "ctx":"conn12","msg":"client metadata","attr":{"remote":"127.0.0.1:50677","client":"conn12","doc":{"driver":{"name":"nodejs","version":"5.1.0"},"os":{"type":"Windows_NT","name":"win32","architecture":"x64","version":"10.0.22621"},"platform":"Node.js v16.14.2, LE (unified)|Node.js v16.14.2, LE (unified)","application":{"name":"mongodb-vscode 0.10.0"}}}}
{"t":{"$date":"2023-04-23T17:04:39.413+01:00"},"s":"I",  "c":"NETWORK",  "id":22943,   "ctx":"listener","msg":"Connection accepted","attr":{"remote":"127.0.0.1:50684","uuid":"54590df6-ec6d-466c-9efc-5eb69b4bd621","connectionId":13,"connectionCount":7}}
{"t":{"$date":"2023-04-23T17:04:39.423+01:00"},"s":"I",  "c":"NETWORK",  "id":51800,   "ctx":"conn13","msg":"client metadata","attr":{"remote":"127.0.0.1:50684","client":"conn13","doc":{"driver":{"name":"nodejs","version":"5.1.0"},"os":{"type":"Windows_NT","name":"win32","architecture":"x64","version":"10.0.22621"},"platform":"Node.js v16.14.2, LE (unified)|Node.js v16.14.2, LE (unified)","application":{"name":"mongodb-vscode 0.10.0"}}}}
{"t":{"$date":"2023-04-23T17:04:39.450+01:00"},"s":"I",  "c":"NETWORK",  "id":22943,   "ctx":"listener","msg":"Connection accepted","attr":{"remote":"127.0.0.1:50688","uuid":"39236daa-d70f-4e1d-a375-cc09ed26f6c3","connectionId":14,"connectionCount":8}}
{"t":{"$date":"2023-04-23T17:04:39.460+01:00"},"s":"I",  "c":"NETWORK",  "id":51800,   "ctx":"conn14","msg":"client metadata","attr":{"remote":"127.0.0.1:50688","client":"conn14","doc":{"driver":{"name":"nodejs","version":"5.1.0"},"os":{"type":"Windows_NT","name":"win32","architecture":"x64","version":"10.0.22621"},"platform":"Node.js v16.14.2, LE (unified)|Node.js v16.14.2, LE (unified)","application":{"name":"mongodb-vscode 0.10.0"}}}}
{"t":{"$date":"2023-04-23T17:04:39.510+01:00"},"s":"I",  "c":"NETWORK",  "id":22943,   "ctx":"listener","msg":"Connection accepted","attr":{"remote":"127.0.0.1:50689","uuid":"de5b99c2-12da-42ac-bee5-efd6c0882e01","connectionId":15,"connectionCount":9}}
{"t":{"$date":"2023-04-23T17:04:39.512+01:00"},"s":"I",  "c":"NETWORK",  "id":51800,   "ctx":"conn15","msg":"client metadata","attr":{"remote":"127.0.0.1:50689","client":"conn15","doc":{"driver":{"name":"NetworkInterfaceTL-ReplCoordExternNetwork","version":"6.0.4"},"os":{"type":"Windows","name":"Microsoft Windows 10","architecture":"x86_64","version":"10.0 (build 22621)"}}}}
{"t":{"$date":"2023-04-23T17:04:39.526+01:00"},"s":"I",  "c":"NETWORK",  "id":22943,   "ctx":"listener","msg":"Connection accepted","attr":{"remote":"127.0.0.1:50690","uuid":"45ff5d51-1459-4704-9856-b1415f77b4bb","connectionId":16,"connectionCount":10}}
{"t":{"$date":"2023-04-23T17:04:39.541+01:00"},"s":"I",  "c":"NETWORK",  "id":51800,   "ctx":"conn16","msg":"client metadata","attr":{"remote":"127.0.0.1:50690","client":"conn16","doc":{"application":{"name":"OplogFetcher"},"driver":{"name":"MongoDB Internal Client","version":"6.0.4"},"os":{"type":"Windows","name":"Microsoft Windows 10","architecture":"x86_64","version":"10.0 (build 22621)"}}}}
{"t":{"$date":"2023-04-23T17:04:39.542+01:00"},"s":"I",  "c":"CONNPOOL", "id":22576,   "ctx":"MirrorMaestro","msg":"Connecting","attr":{"hostAndPort":"localhost:23015"}}
{"t":{"$date":"2023-04-23T17:04:39.570+01:00"},"s":"I",  "c":"REPL",     "id":5123005, "ctx":"ShardSplitDonorService-0","msg":"Rebuilding PrimaryOnlyService due to stepUp","attr":{"service":"ShardSplitDonorService"}}
{"t":{"$date":"2023-04-23T17:04:39.571+01:00"},"s":"I",  "c":"CONNPOOL", "id":22576,   "ctx":"MirrorMaestro","msg":"Connecting","attr":{"hostAndPort":"localhost:27015"}}
{"t":{"$date":"2023-04-23T17:04:39.577+01:00"},"s":"I",  "c":"REPL",     "id":5123005, "ctx":"TenantMigrationRecipientService-1","msg":"Rebuilding PrimaryOnlyService due to stepUp","attr":{"service":"TenantMigrationRecipientService"}}
{"t":{"$date":"2023-04-23T17:04:39.578+01:00"},"s":"I",  "c":"REPL",     "id":5123005, "ctx":"TenantMigrationDonorService-1","msg":"Rebuilding PrimaryOnlyService due to stepUp","attr":{"service":"TenantMigrationDonorService"}}
{"t":{"$date":"2023-04-23T17:04:47.657+01:00"},"s":"I",  "c":"NETWORK",  "id":22943,   "ctx":"listener","msg":"Connection accepted","attr":{"remote":"127.0.0.1:50857","uuid":"a1cc7812-c238-4f04-8937-dd03cb3544d0","connectionId":19,"connectionCount":11}}
{"t":{"$date":"2023-04-23T17:04:47.663+01:00"},"s":"I",  "c":"NETWORK",  "id":51800,   "ctx":"conn19","msg":"client metadata","attr":{"remote":"127.0.0.1:50857","client":"conn19","doc":{"driver":{"name":"nodejs","version":"5.1.0"},"os":{"type":"Windows_NT","name":"win32","architecture":"x64","version":"10.0.22621"},"platform":"Node.js v16.14.2, LE (unified)|Node.js v16.14.2, LE (unified)","application":{"name":"mongodb-vscode 0.10.0"}}}}
{"t":{"$date":"2023-04-23T17:04:49.948+01:00"},"s":"I",  "c":"NETWORK",  "id":22943,   "ctx":"listener","msg":"Connection accepted","attr":{"remote":"127.0.0.1:50901","uuid":"eeb5af36-25be-4ae3-afcf-42f6e919216f","connectionId":20,"connectionCount":12}}
{"t":{"$date":"2023-04-23T17:04:49.951+01:00"},"s":"I",  "c":"NETWORK",  "id":51800,   "ctx":"conn20","msg":"client metadata","attr":{"remote":"127.0.0.1:50901","client":"conn20","doc":{"driver":{"name":"nodejs","version":"5.1.0"},"os":{"type":"Windows_NT","name":"win32","architecture":"x64","version":"10.0.22621"},"platform":"Node.js v16.14.2, LE (unified)|Node.js v16.14.2, LE (unified)","application":{"name":"mongodb-vscode 0.10.0"}}}}
{"t":{"$date":"2023-04-23T17:05:07.519+01:00"},"s":"I",  "c":"NETWORK",  "id":22943,   "ctx":"listener","msg":"Connection accepted","attr":{"remote":"127.0.0.1:50946","uuid":"b70b0d1a-63a4-4307-8d52-a887da0eaebe","connectionId":21,"connectionCount":13}}
{"t":{"$date":"2023-04-23T17:05:07.524+01:00"},"s":"I",  "c":"NETWORK",  "id":51800,   "ctx":"conn21","msg":"client metadata","attr":{"remote":"127.0.0.1:50946","client":"conn21","doc":{"driver":{"name":"nodejs|mongosh","version":"4.13.0"},"os":{"type":"Windows_NT","name":"win32","architecture":"x64","version":"10.0.22621"},"platform":"Node.js v16.19.0, LE (unified)","version":"4.13.0|1.6.2","application":{"name":"mongodb-vscode 0.10.0"}}}}
{"t":{"$date":"2023-04-23T17:05:07.604+01:00"},"s":"I",  "c":"NETWORK",  "id":22943,   "ctx":"listener","msg":"Connection accepted","attr":{"remote":"127.0.0.1:50948","uuid":"6d612cec-a553-4b3f-a155-bf90407fe9b7","connectionId":22,"connectionCount":14}}
{"t":{"$date":"2023-04-23T17:05:07.605+01:00"},"s":"I",  "c":"NETWORK",  "id":22943,   "ctx":"listener","msg":"Connection accepted","attr":{"remote":"127.0.0.1:50949","uuid":"cf33ea84-126e-479d-a7ff-ef9ebe282938","connectionId":23,"connectionCount":15}}
{"t":{"$date":"2023-04-23T17:05:07.608+01:00"},"s":"I",  "c":"NETWORK",  "id":51800,   "ctx":"conn22","msg":"client metadata","attr":{"remote":"127.0.0.1:50948","client":"conn22","doc":{"driver":{"name":"nodejs|mongosh","version":"4.13.0"},"os":{"type":"Windows_NT","name":"win32","architecture":"x64","version":"10.0.22621"},"platform":"Node.js v16.19.0, LE (unified)","version":"4.13.0|1.6.2","application":{"name":"mongodb-vscode 0.10.0"}}}}
{"t":{"$date":"2023-04-23T17:05:07.611+01:00"},"s":"I",  "c":"NETWORK",  "id":51800,   "ctx":"conn23","msg":"client metadata","attr":{"remote":"127.0.0.1:50949","client":"conn23","doc":{"driver":{"name":"nodejs|mongosh","version":"4.13.0"},"os":{"type":"Windows_NT","name":"win32","architecture":"x64","version":"10.0.22621"},"platform":"Node.js v16.19.0, LE (unified)","version":"4.13.0|1.6.2","application":{"name":"mongodb-vscode 0.10.0"}}}}
{"t":{"$date":"2023-04-23T17:05:07.627+01:00"},"s":"I",  "c":"NETWORK",  "id":22943,   "ctx":"listener","msg":"Connection accepted","attr":{"remote":"127.0.0.1:50950","uuid":"ec32239f-8166-4933-af6e-e3ccf0c1279b","connectionId":24,"connectionCount":16}}
{"t":{"$date":"2023-04-23T17:05:07.631+01:00"},"s":"I",  "c":"NETWORK",  "id":51800,   "ctx":"conn24","msg":"client metadata","attr":{"remote":"127.0.0.1:50950","client":"conn24","doc":{"driver":{"name":"nodejs|mongosh","version":"4.13.0"},"os":{"type":"Windows_NT","name":"win32","architecture":"x64","version":"10.0.22621"},"platform":"Node.js v16.19.0, LE (unified)","version":"4.13.0|1.6.2","application":{"name":"mongodb-vscode 0.10.0"}}}}
{"t":{"$date":"2023-04-23T17:05:14.499+01:00"},"s":"I",  "c":"NETWORK",  "id":22943,   "ctx":"listener","msg":"Connection accepted","attr":{"remote":"127.0.0.1:50959","uuid":"d1e3c299-fd14-46fe-a68a-1967b9bd57ec","connectionId":25,"connectionCount":17}}
{"t":{"$date":"2023-04-23T17:05:14.501+01:00"},"s":"I",  "c":"NETWORK",  "id":22943,   "ctx":"listener","msg":"Connection accepted","attr":{"remote":"127.0.0.1:50960","uuid":"b1146600-faab-4b8d-bf7f-59e47fbb0020","connectionId":26,"connectionCount":18}}
{"t":{"$date":"2023-04-23T17:05:14.518+01:00"},"s":"I",  "c":"NETWORK",  "id":51800,   "ctx":"conn25","msg":"client metadata","attr":{"remote":"127.0.0.1:50959","client":"conn25","doc":{"driver":{"name":"nodejs|mongosh","version":"4.13.0"},"os":{"type":"Windows_NT","name":"win32","architecture":"x64","version":"10.0.22621"},"platform":"Node.js v16.19.0, LE (unified)","version":"4.13.0|1.6.2","application":{"name":"mongodb-vscode 0.10.0"}}}}
{"t":{"$date":"2023-04-23T17:05:14.522+01:00"},"s":"I",  "c":"NETWORK",  "id":51800,   "ctx":"conn26","msg":"client metadata","attr":{"remote":"127.0.0.1:50960","client":"conn26","doc":{"driver":{"name":"nodejs|mongosh","version":"4.13.0"},"os":{"type":"Windows_NT","name":"win32","architecture":"x64","version":"10.0.22621"},"platform":"Node.js v16.19.0, LE (unified)","version":"4.13.0|1.6.2","application":{"name":"mongodb-vscode 0.10.0"}}}}
{"t":{"$date":"2023-04-23T17:05:18.040+01:00"},"s":"I",  "c":"NETWORK",  "id":22943,   "ctx":"listener","msg":"Connection accepted","attr":{"remote":"127.0.0.1:50965","uuid":"97a06fa9-7276-416e-a7f7-ece1f2ecdba4","connectionId":27,"connectionCount":19}}
{"t":{"$date":"2023-04-23T17:05:18.044+01:00"},"s":"I",  "c":"NETWORK",  "id":51800,   "ctx":"conn27","msg":"client metadata","attr":{"remote":"127.0.0.1:50965","client":"conn27","doc":{"driver":{"name":"nodejs|mongosh","version":"4.13.0"},"os":{"type":"Windows_NT","name":"win32","architecture":"x64","version":"10.0.22621"},"platform":"Node.js v16.19.0, LE (unified)","version":"4.13.0|1.6.2","application":{"name":"mongodb-vscode 0.10.0"}}}}
{"t":{"$date":"2023-04-23T17:07:42.220+01:00"},"s":"I",  "c":"STORAGE",  "id":20320,   "ctx":"conn26","msg":"createCollection","attr":{"namespace":"sensores.Outliers","uuidDisposition":"generated","uuid":{"uuid":{"$uuid":"2167862d-2fdc-4e8a-aae6-ed2888b85407"}},"options":{}}}
{"t":{"$date":"2023-04-23T17:07:42.242+01:00"},"s":"I",  "c":"INDEX",    "id":20345,   "ctx":"conn26","msg":"Index build: done building","attr":{"buildUUID":null,"collectionUUID":{"uuid":{"$uuid":"2167862d-2fdc-4e8a-aae6-ed2888b85407"}},"namespace":"sensores.Outliers","index":"_id_","ident":"index-1-3574100603284273086","collectionIdent":"collection-0-3574100603284273086","commitTimestamp":{"$timestamp":{"t":1682266062,"i":1}}}}
{"t":{"$date":"2023-04-23T17:08:21.379+01:00"},"s":"I",  "c":"NETWORK",  "id":22943,   "ctx":"listener","msg":"Connection accepted","attr":{"remote":"127.0.0.1:51269","uuid":"c01e1a8d-e6d0-459a-8c36-b08cc079c0f8","connectionId":28,"connectionCount":20}}
{"t":{"$date":"2023-04-23T17:08:21.382+01:00"},"s":"I",  "c":"NETWORK",  "id":51800,   "ctx":"conn28","msg":"client metadata","attr":{"remote":"127.0.0.1:51269","client":"conn28","doc":{"driver":{"name":"nodejs","version":"5.1.0"},"os":{"type":"Windows_NT","name":"win32","architecture":"x64","version":"10.0.22621"},"platform":"Node.js v16.14.2, LE (unified)|Node.js v16.14.2, LE (unified)","application":{"name":"mongodb-vscode 0.10.0"}}}}
{"t":{"$date":"2023-04-23T17:08:21.759+01:00"},"s":"I",  "c":"NETWORK",  "id":22943,   "ctx":"listener","msg":"Connection accepted","attr":{"remote":"127.0.0.1:51273","uuid":"bde51771-4e2b-439c-bc93-909ee1a12649","connectionId":29,"connectionCount":21}}
{"t":{"$date":"2023-04-23T17:08:21.760+01:00"},"s":"I",  "c":"NETWORK",  "id":22943,   "ctx":"listener","msg":"Connection accepted","attr":{"remote":"127.0.0.1:51274","uuid":"57c42993-962b-4fdb-a119-3995003598f2","connectionId":30,"connectionCount":22}}
{"t":{"$date":"2023-04-23T17:08:21.762+01:00"},"s":"I",  "c":"NETWORK",  "id":51800,   "ctx":"conn29","msg":"client metadata","attr":{"remote":"127.0.0.1:51273","client":"conn29","doc":{"driver":{"name":"nodejs","version":"5.1.0"},"os":{"type":"Windows_NT","name":"win32","architecture":"x64","version":"10.0.22621"},"platform":"Node.js v16.14.2, LE (unified)|Node.js v16.14.2, LE (unified)","application":{"name":"mongodb-vscode 0.10.0"}}}}
{"t":{"$date":"2023-04-23T17:08:21.764+01:00"},"s":"I",  "c":"NETWORK",  "id":51800,   "ctx":"conn30","msg":"client metadata","attr":{"remote":"127.0.0.1:51274","client":"conn30","doc":{"driver":{"name":"nodejs","version":"5.1.0"},"os":{"type":"Windows_NT","name":"win32","architecture":"x64","version":"10.0.22621"},"platform":"Node.js v16.14.2, LE (unified)|Node.js v16.14.2, LE (unified)","application":{"name":"mongodb-vscode 0.10.0"}}}}
{"t":{"$date":"2023-04-23T17:08:21.782+01:00"},"s":"I",  "c":"NETWORK",  "id":22943,   "ctx":"listener","msg":"Connection accepted","attr":{"remote":"127.0.0.1:51275","uuid":"bc3755dd-96c1-4004-b863-938cb37549b2","connectionId":31,"connectionCount":23}}
{"t":{"$date":"2023-04-23T17:08:21.782+01:00"},"s":"I",  "c":"NETWORK",  "id":22943,   "ctx":"listener","msg":"Connection accepted","attr":{"remote":"127.0.0.1:51276","uuid":"665089d7-901d-4d23-ba1a-0cb3e9f17820","connectionId":32,"connectionCount":24}}
{"t":{"$date":"2023-04-23T17:08:21.787+01:00"},"s":"I",  "c":"NETWORK",  "id":51800,   "ctx":"conn31","msg":"client metadata","attr":{"remote":"127.0.0.1:51275","client":"conn31","doc":{"driver":{"name":"nodejs","version":"5.1.0"},"os":{"type":"Windows_NT","name":"win32","architecture":"x64","version":"10.0.22621"},"platform":"Node.js v16.14.2, LE (unified)|Node.js v16.14.2, LE (unified)","application":{"name":"mongodb-vscode 0.10.0"}}}}
{"t":{"$date":"2023-04-23T17:08:21.789+01:00"},"s":"I",  "c":"NETWORK",  "id":51800,   "ctx":"conn32","msg":"client metadata","attr":{"remote":"127.0.0.1:51276","client":"conn32","doc":{"driver":{"name":"nodejs","version":"5.1.0"},"os":{"type":"Windows_NT","name":"win32","architecture":"x64","version":"10.0.22621"},"platform":"Node.js v16.14.2, LE (unified)|Node.js v16.14.2, LE (unified)","application":{"name":"mongodb-vscode 0.10.0"}}}}
{"t":{"$date":"2023-04-23T17:08:21.913+01:00"},"s":"I",  "c":"NETWORK",  "id":22944,   "ctx":"conn31","msg":"Connection ended","attr":{"remote":"127.0.0.1:51275","uuid":"bc3755dd-96c1-4004-b863-938cb37549b2","connectionId":31,"connectionCount":23}}
{"t":{"$date":"2023-04-23T17:08:21.913+01:00"},"s":"I",  "c":"NETWORK",  "id":22944,   "ctx":"conn32","msg":"Connection ended","attr":{"remote":"127.0.0.1:51276","uuid":"665089d7-901d-4d23-ba1a-0cb3e9f17820","connectionId":32,"connectionCount":22}}
{"t":{"$date":"2023-04-23T17:08:21.914+01:00"},"s":"I",  "c":"NETWORK",  "id":22944,   "ctx":"conn30","msg":"Connection ended","attr":{"remote":"127.0.0.1:51274","uuid":"57c42993-962b-4fdb-a119-3995003598f2","connectionId":30,"connectionCount":21}}
{"t":{"$date":"2023-04-23T17:08:21.914+01:00"},"s":"I",  "c":"NETWORK",  "id":22944,   "ctx":"conn29","msg":"Connection ended","attr":{"remote":"127.0.0.1:51273","uuid":"bde51771-4e2b-439c-bc93-909ee1a12649","connectionId":29,"connectionCount":20}}
{"t":{"$date":"2023-04-23T17:08:22.276+01:00"},"s":"I",  "c":"NETWORK",  "id":22944,   "ctx":"conn22","msg":"Connection ended","attr":{"remote":"127.0.0.1:50948","uuid":"6d612cec-a553-4b3f-a155-bf90407fe9b7","connectionId":22,"connectionCount":19}}
{"t":{"$date":"2023-04-23T17:08:22.277+01:00"},"s":"I",  "c":"NETWORK",  "id":22944,   "ctx":"conn23","msg":"Connection ended","attr":{"remote":"127.0.0.1:50949","uuid":"cf33ea84-126e-479d-a7ff-ef9ebe282938","connectionId":23,"connectionCount":18}}
{"t":{"$date":"2023-04-23T17:08:22.278+01:00"},"s":"I",  "c":"NETWORK",  "id":22944,   "ctx":"conn24","msg":"Connection ended","attr":{"remote":"127.0.0.1:50950","uuid":"ec32239f-8166-4933-af6e-e3ccf0c1279b","connectionId":24,"connectionCount":17}}
{"t":{"$date":"2023-04-23T17:08:22.279+01:00"},"s":"I",  "c":"NETWORK",  "id":22944,   "ctx":"conn26","msg":"Connection ended","attr":{"remote":"127.0.0.1:50960","uuid":"b1146600-faab-4b8d-bf7f-59e47fbb0020","connectionId":26,"connectionCount":16}}
{"t":{"$date":"2023-04-23T17:08:22.280+01:00"},"s":"I",  "c":"NETWORK",  "id":22944,   "ctx":"conn25","msg":"Connection ended","attr":{"remote":"127.0.0.1:50959","uuid":"d1e3c299-fd14-46fe-a68a-1967b9bd57ec","connectionId":25,"connectionCount":15}}
{"t":{"$date":"2023-04-23T17:08:22.280+01:00"},"s":"I",  "c":"NETWORK",  "id":22944,   "ctx":"conn27","msg":"Connection ended","attr":{"remote":"127.0.0.1:50965","uuid":"97a06fa9-7276-416e-a7f7-ece1f2ecdba4","connectionId":27,"connectionCount":14}}
{"t":{"$date":"2023-04-23T17:08:22.437+01:00"},"s":"W",  "c":"NETWORK",  "id":4615610, "ctx":"conn21","msg":"Failed to check socket connectivity","attr":{"error":{"code":6,"codeName":"HostUnreachable","errmsg":"Connection reset by peer"}}}
{"t":{"$date":"2023-04-23T17:08:22.437+01:00"},"s":"I",  "c":"-",        "id":20883,   "ctx":"conn21","msg":"Interrupted operation as its client disconnected","attr":{"opId":3868}}
{"t":{"$date":"2023-04-23T17:08:22.437+01:00"},"s":"I",  "c":"NETWORK",  "id":22989,   "ctx":"conn21","msg":"Error sending response to client. Ending connection from remote","attr":{"error":{"code":6,"codeName":"HostUnreachable","errmsg":"Connection reset by peer"},"remote":"127.0.0.1:50946","connectionId":21}}
{"t":{"$date":"2023-04-23T17:08:22.437+01:00"},"s":"I",  "c":"NETWORK",  "id":22944,   "ctx":"conn21","msg":"Connection ended","attr":{"remote":"127.0.0.1:50946","uuid":"b70b0d1a-63a4-4307-8d52-a887da0eaebe","connectionId":21,"connectionCount":13}}
{"t":{"$date":"2023-04-23T17:08:23.010+01:00"},"s":"W",  "c":"NETWORK",  "id":4615610, "ctx":"conn28","msg":"Failed to check socket connectivity","attr":{"error":{"code":6,"codeName":"HostUnreachable","errmsg":"Connection closed by peer"}}}
{"t":{"$date":"2023-04-23T17:08:23.010+01:00"},"s":"I",  "c":"-",        "id":20883,   "ctx":"conn28","msg":"Interrupted operation as its client disconnected","attr":{"opId":3964}}
{"t":{"$date":"2023-04-23T17:08:23.055+01:00"},"s":"I",  "c":"NETWORK",  "id":22944,   "ctx":"conn28","msg":"Connection ended","attr":{"remote":"127.0.0.1:51269","uuid":"c01e1a8d-e6d0-459a-8c36-b08cc079c0f8","connectionId":28,"connectionCount":12}}
{"t":{"$date":"2023-04-23T17:09:27.689+01:00"},"s":"I",  "c":"NETWORK",  "id":22943,   "ctx":"listener","msg":"Connection accepted","attr":{"remote":"127.0.0.1:51304","uuid":"5596bc97-d28a-4894-98f5-9cbc95b5d665","connectionId":33,"connectionCount":13}}
{"t":{"$date":"2023-04-23T17:09:27.691+01:00"},"s":"I",  "c":"NETWORK",  "id":22943,   "ctx":"listener","msg":"Connection accepted","attr":{"remote":"127.0.0.1:51306","uuid":"4e040944-f21f-4fa6-8d04-2d009972a141","connectionId":34,"connectionCount":14}}
{"t":{"$date":"2023-04-23T17:09:27.692+01:00"},"s":"I",  "c":"NETWORK",  "id":51800,   "ctx":"conn33","msg":"client metadata","attr":{"remote":"127.0.0.1:51304","client":"conn33","doc":{"driver":{"name":"NetworkInterfaceTL-ReplicaSetMonitor-TaskExecutor","version":"6.0.4"},"os":{"type":"Windows","name":"Microsoft Windows 10","architecture":"x86_64","version":"10.0 (build 22621)"}}}}
{"t":{"$date":"2023-04-23T17:09:27.693+01:00"},"s":"I",  "c":"NETWORK",  "id":51800,   "ctx":"conn34","msg":"client metadata","attr":{"remote":"127.0.0.1:51306","client":"conn34","doc":{"driver":{"name":"NetworkInterfaceTL-ReplicaSetMonitor-TaskExecutor","version":"6.0.4"},"os":{"type":"Windows","name":"Microsoft Windows 10","architecture":"x86_64","version":"10.0 (build 22621)"}}}}
{"t":{"$date":"2023-04-23T17:09:27.705+01:00"},"s":"I",  "c":"NETWORK",  "id":22943,   "ctx":"listener","msg":"Connection accepted","attr":{"remote":"127.0.0.1:51308","uuid":"0457b025-a18b-4721-ad25-349dafa84bd8","connectionId":35,"connectionCount":15}}
{"t":{"$date":"2023-04-23T17:09:27.706+01:00"},"s":"I",  "c":"NETWORK",  "id":22943,   "ctx":"listener","msg":"Connection accepted","attr":{"remote":"127.0.0.1:51309","uuid":"6c70362e-af98-47ee-937d-522e225df5d1","connectionId":36,"connectionCount":16}}
{"t":{"$date":"2023-04-23T17:09:27.707+01:00"},"s":"I",  "c":"NETWORK",  "id":22943,   "ctx":"listener","msg":"Connection accepted","attr":{"remote":"127.0.0.1:51310","uuid":"a5442a81-5f92-4170-bb53-873ea03f8738","connectionId":37,"connectionCount":17}}
{"t":{"$date":"2023-04-23T17:09:27.708+01:00"},"s":"I",  "c":"NETWORK",  "id":51800,   "ctx":"conn35","msg":"client metadata","attr":{"remote":"127.0.0.1:51308","client":"conn35","doc":{"driver":{"name":"MongoDB Internal Client","version":"6.0.4"},"os":{"type":"Windows","name":"Microsoft Windows 10","architecture":"x86_64","version":"10.0 (build 22621)"}}}}
{"t":{"$date":"2023-04-23T17:09:27.708+01:00"},"s":"I",  "c":"NETWORK",  "id":22943,   "ctx":"listener","msg":"Connection accepted","attr":{"remote":"127.0.0.1:51311","uuid":"dac5ebc4-c278-435f-bee8-6e5302266cda","connectionId":38,"connectionCount":18}}
{"t":{"$date":"2023-04-23T17:09:27.708+01:00"},"s":"I",  "c":"NETWORK",  "id":51800,   "ctx":"conn36","msg":"client metadata","attr":{"remote":"127.0.0.1:51309","client":"conn36","doc":{"driver":{"name":"MongoDB Internal Client","version":"6.0.4"},"os":{"type":"Windows","name":"Microsoft Windows 10","architecture":"x86_64","version":"10.0 (build 22621)"}}}}
{"t":{"$date":"2023-04-23T17:09:27.709+01:00"},"s":"I",  "c":"NETWORK",  "id":22943,   "ctx":"listener","msg":"Connection accepted","attr":{"remote":"127.0.0.1:51313","uuid":"a321449e-c045-4a67-80e1-e54a8841a575","connectionId":39,"connectionCount":19}}
{"t":{"$date":"2023-04-23T17:09:27.709+01:00"},"s":"I",  "c":"NETWORK",  "id":51800,   "ctx":"conn38","msg":"client metadata","attr":{"remote":"127.0.0.1:51311","client":"conn38","doc":{"driver":{"name":"MongoDB Internal Client","version":"6.0.4"},"os":{"type":"Windows","name":"Microsoft Windows 10","architecture":"x86_64","version":"10.0 (build 22621)"}}}}
{"t":{"$date":"2023-04-23T17:09:27.709+01:00"},"s":"I",  "c":"NETWORK",  "id":51800,   "ctx":"conn37","msg":"client metadata","attr":{"remote":"127.0.0.1:51310","client":"conn37","doc":{"driver":{"name":"MongoDB Internal Client","version":"6.0.4"},"os":{"type":"Windows","name":"Microsoft Windows 10","architecture":"x86_64","version":"10.0 (build 22621)"}}}}
{"t":{"$date":"2023-04-23T17:09:27.713+01:00"},"s":"I",  "c":"NETWORK",  "id":22943,   "ctx":"listener","msg":"Connection accepted","attr":{"remote":"127.0.0.1:51315","uuid":"149e780f-1c63-4b6e-b4af-4f715ae13fc4","connectionId":40,"connectionCount":20}}
{"t":{"$date":"2023-04-23T17:09:27.714+01:00"},"s":"I",  "c":"NETWORK",  "id":51800,   "ctx":"conn39","msg":"client metadata","attr":{"remote":"127.0.0.1:51313","client":"conn39","doc":{"driver":{"name":"NetworkInterfaceTL-ReplicaSetMonitor-TaskExecutor","version":"6.0.4"},"os":{"type":"Windows","name":"Microsoft Windows 10","architecture":"x86_64","version":"10.0 (build 22621)"}}}}
{"t":{"$date":"2023-04-23T17:09:27.722+01:00"},"s":"I",  "c":"NETWORK",  "id":51800,   "ctx":"conn40","msg":"client metadata","attr":{"remote":"127.0.0.1:51315","client":"conn40","doc":{"driver":{"name":"NetworkInterfaceTL-ReplicaSetMonitor-TaskExecutor","version":"6.0.4"},"os":{"type":"Windows","name":"Microsoft Windows 10","architecture":"x86_64","version":"10.0 (build 22621)"}}}}
{"t":{"$date":"2023-04-23T17:12:52.274+01:00"},"s":"I",  "c":"CONNPOOL", "id":22572,   "ctx":"MirrorMaestro","msg":"Dropping all pooled connections","attr":{"hostAndPort":"localhost:23015","error":"ConnectionPoolExpired: Pool for localhost:23015 has expired."}}
{"t":{"$date":"2023-04-23T17:14:27.732+01:00"},"s":"I",  "c":"CONNPOOL", "id":22572,   "ctx":"MirrorMaestro","msg":"Dropping all pooled connections","attr":{"hostAndPort":"localhost:27015","error":"ConnectionPoolExpired: Pool for localhost:27015 has expired."}}
