{"t":{"$date":"2023-05-04T13:22:53.170+01:00"},"s":"I",  "c":"NETWORK",  "id":4915701, "ctx":"-","msg":"Initialized wire specification","attr":{"spec":{"incomingExternalClient":{"minWireVersion":0,"maxWireVersion":17},"incomingInternalClient":{"minWireVersion":0,"maxWireVersion":17},"outgoing":{"minWireVersion":6,"maxWireVersion":17},"isInternalClient":true}}}
{"t":{"$date":"2023-05-04T13:22:53.172+01:00"},"s":"I",  "c":"CONTROL",  "id":23285,   "ctx":"-","msg":"Automatically disabling TLS 1.0, to force-enable TLS 1.0 specify --sslDisabledProtocols 'none'"}
{"t":{"$date":"2023-05-04T13:22:53.174+01:00"},"s":"I",  "c":"NETWORK",  "id":4648602, "ctx":"thread1","msg":"Implicit TCP FastOpen in use."}
{"t":{"$date":"2023-05-04T13:22:53.206+01:00"},"s":"I",  "c":"REPL",     "id":5123008, "ctx":"thread1","msg":"Successfully registered PrimaryOnlyService","attr":{"service":"TenantMigrationDonorService","namespace":"config.tenantMigrationDonors"}}
{"t":{"$date":"2023-05-04T13:22:53.207+01:00"},"s":"I",  "c":"REPL",     "id":5123008, "ctx":"thread1","msg":"Successfully registered PrimaryOnlyService","attr":{"service":"TenantMigrationRecipientService","namespace":"config.tenantMigrationRecipients"}}
{"t":{"$date":"2023-05-04T13:22:53.207+01:00"},"s":"I",  "c":"REPL",     "id":5123008, "ctx":"thread1","msg":"Successfully registered PrimaryOnlyService","attr":{"service":"ShardSplitDonorService","namespace":"config.tenantSplitDonors"}}
{"t":{"$date":"2023-05-04T13:22:53.207+01:00"},"s":"I",  "c":"CONTROL",  "id":5945603, "ctx":"thread1","msg":"Multi threading initialized"}
{"t":{"$date":"2023-05-04T13:22:53.209+01:00"},"s":"I",  "c":"CONTROL",  "id":4615611, "ctx":"initandlisten","msg":"MongoDB starting","attr":{"pid":13800,"port":27015,"dbPath":"C:/Users/wilio/Documents/GitHub/PISID/ReplicaSet_MongoDB/server1/data","architecture":"64-bit","host":"IronGodMachine"}}
{"t":{"$date":"2023-05-04T13:22:53.209+01:00"},"s":"I",  "c":"CONTROL",  "id":23398,   "ctx":"initandlisten","msg":"Target operating system minimum version","attr":{"targetMinOS":"Windows 7/Windows Server 2008 R2"}}
{"t":{"$date":"2023-05-04T13:22:53.209+01:00"},"s":"I",  "c":"CONTROL",  "id":23403,   "ctx":"initandlisten","msg":"Build Info","attr":{"buildInfo":{"version":"6.0.4","gitVersion":"44ff59461c1353638a71e710f385a566bcd2f547","modules":[],"allocator":"tcmalloc","environment":{"distmod":"windows","distarch":"x86_64","target_arch":"x86_64"}}}}
{"t":{"$date":"2023-05-04T13:22:53.210+01:00"},"s":"I",  "c":"CONTROL",  "id":51765,   "ctx":"initandlisten","msg":"Operating System","attr":{"os":{"name":"Microsoft Windows 10","version":"10.0 (build 22621)"}}}
{"t":{"$date":"2023-05-04T13:22:53.210+01:00"},"s":"I",  "c":"CONTROL",  "id":21951,   "ctx":"initandlisten","msg":"Options set by command line","attr":{"options":{"config":"C:\\Users\\wilio\\Documents\\GitHub\\PISID\\ReplicaSet_MongoDB\\server1\\server1.conf","net":{"port":27015},"replication":{"replSet":"Sensores"},"storage":{"dbPath":"C:\\Users\\wilio\\Documents\\GitHub\\PISID\\ReplicaSet_MongoDB\\server1\\data"},"systemLog":{"destination":"file","path":"C:\\Users\\wilio\\Documents\\GitHub\\PISID\\ReplicaSet_MongoDB\\server1\\logs\\mongo.log"}}}}
{"t":{"$date":"2023-05-04T13:22:53.213+01:00"},"s":"W",  "c":"STORAGE",  "id":22271,   "ctx":"initandlisten","msg":"Detected unclean shutdown - Lock file is not empty","attr":{"lockFile":"C:\\Users\\wilio\\Documents\\GitHub\\PISID\\ReplicaSet_MongoDB\\server1\\data\\mongod.lock"}}
{"t":{"$date":"2023-05-04T13:22:53.215+01:00"},"s":"I",  "c":"STORAGE",  "id":22270,   "ctx":"initandlisten","msg":"Storage engine to use detected by data files","attr":{"dbpath":"C:/Users/wilio/Documents/GitHub/PISID/ReplicaSet_MongoDB/server1/data","storageEngine":"wiredTiger"}}
{"t":{"$date":"2023-05-04T13:22:53.216+01:00"},"s":"W",  "c":"STORAGE",  "id":22302,   "ctx":"initandlisten","msg":"Recovering data from the last clean checkpoint."}
{"t":{"$date":"2023-05-04T13:22:53.218+01:00"},"s":"I",  "c":"STORAGE",  "id":22315,   "ctx":"initandlisten","msg":"Opening WiredTiger","attr":{"config":"create,cache_size=3521M,session_max=33000,eviction=(threads_min=4,threads_max=4),config_base=false,statistics=(fast),log=(enabled=true,remove=true,path=journal,compressor=snappy),builtin_extension_config=(zstd=(compression_level=6)),file_manager=(close_idle_time=600,close_scan_interval=10,close_handle_minimum=2000),statistics_log=(wait=0),json_output=(error,message),verbose=[recovery_progress:1,checkpoint_progress:1,compact_progress:1,backup:0,checkpoint:0,compact:0,evict:0,history_store:0,recovery:0,rts:0,salvage:0,tiered:0,timestamp:0,transaction:0,verify:0,log:0],"}}
{"t":{"$date":"2023-05-04T13:22:54.432+01:00"},"s":"I",  "c":"STORAGE",  "id":4795906, "ctx":"initandlisten","msg":"WiredTiger opened","attr":{"durationMillis":1214}}
{"t":{"$date":"2023-05-04T13:22:54.432+01:00"},"s":"I",  "c":"RECOVERY", "id":23987,   "ctx":"initandlisten","msg":"WiredTiger recoveryTimestamp","attr":{"recoveryTimestamp":{"$timestamp":{"t":1683199903,"i":1}}}}
{"t":{"$date":"2023-05-04T13:22:54.432+01:00"},"s":"I",  "c":"RECOVERY", "id":5380106, "ctx":"initandlisten","msg":"WiredTiger oldestTimestamp","attr":{"oldestTimestamp":{"$timestamp":{"t":1683199603,"i":1}}}}
{"t":{"$date":"2023-05-04T13:22:54.456+01:00"},"s":"I",  "c":"STORAGE",  "id":22383,   "ctx":"initandlisten","msg":"The size storer reports that the oplog contains","attr":{"numRecords":41945,"dataSize":11020908}}
{"t":{"$date":"2023-05-04T13:22:54.456+01:00"},"s":"I",  "c":"STORAGE",  "id":22386,   "ctx":"initandlisten","msg":"Sampling the oplog to determine where to place markers for truncation"}
{"t":{"$date":"2023-05-04T13:22:54.506+01:00"},"s":"I",  "c":"STORAGE",  "id":22389,   "ctx":"initandlisten","msg":"Sampling from the oplog to determine where to place markers for truncation","attr":{"from":{"$timestamp":{"t":1677582894,"i":1}},"to":{"$timestamp":{"t":1683199903,"i":1}}}}
{"t":{"$date":"2023-05-04T13:22:54.507+01:00"},"s":"I",  "c":"STORAGE",  "id":22390,   "ctx":"initandlisten","msg":"Taking samples and assuming each oplog section contains","attr":{"numSamples":6,"minBytesPerStone":16954790,"containsNumRecords":64530,"containsNumBytes":16955040}}
{"t":{"$date":"2023-05-04T13:22:54.508+01:00"},"s":"I",  "c":"STORAGE",  "id":22393,   "ctx":"initandlisten","msg":"Oplog sampling complete"}
{"t":{"$date":"2023-05-04T13:22:54.508+01:00"},"s":"I",  "c":"STORAGE",  "id":22382,   "ctx":"initandlisten","msg":"WiredTiger record store oplog processing finished","attr":{"durationMillis":51}}
{"t":{"$date":"2023-05-04T13:22:54.542+01:00"},"s":"W",  "c":"CONTROL",  "id":22120,   "ctx":"initandlisten","msg":"Access control is not enabled for the database. Read and write access to data and configuration is unrestricted","tags":["startupWarnings"]}
{"t":{"$date":"2023-05-04T13:22:54.542+01:00"},"s":"W",  "c":"CONTROL",  "id":22140,   "ctx":"initandlisten","msg":"This server is bound to localhost. Remote systems will be unable to connect to this server. Start the server with --bind_ip <address> to specify which IP addresses it should serve responses from, or with --bind_ip_all to bind to all interfaces. If this behavior is desired, start the server with --bind_ip 127.0.0.1 to disable this warning","tags":["startupWarnings"]}
{"t":{"$date":"2023-05-04T13:22:54.566+01:00"},"s":"I",  "c":"NETWORK",  "id":4915702, "ctx":"initandlisten","msg":"Updated wire specification","attr":{"oldSpec":{"incomingExternalClient":{"minWireVersion":0,"maxWireVersion":17},"incomingInternalClient":{"minWireVersion":0,"maxWireVersion":17},"outgoing":{"minWireVersion":6,"maxWireVersion":17},"isInternalClient":true},"newSpec":{"incomingExternalClient":{"minWireVersion":0,"maxWireVersion":17},"incomingInternalClient":{"minWireVersion":17,"maxWireVersion":17},"outgoing":{"minWireVersion":17,"maxWireVersion":17},"isInternalClient":true}}}
{"t":{"$date":"2023-05-04T13:22:54.566+01:00"},"s":"I",  "c":"REPL",     "id":5853300, "ctx":"initandlisten","msg":"current featureCompatibilityVersion value","attr":{"featureCompatibilityVersion":"6.0","context":"startup"}}
{"t":{"$date":"2023-05-04T13:22:54.569+01:00"},"s":"I",  "c":"STORAGE",  "id":5071100, "ctx":"initandlisten","msg":"Clearing temp directory"}
{"t":{"$date":"2023-05-04T13:22:54.599+01:00"},"s":"I",  "c":"CONTROL",  "id":20536,   "ctx":"initandlisten","msg":"Flow Control is enabled on this deployment"}
{"t":{"$date":"2023-05-04T13:22:54.599+01:00"},"s":"I",  "c":"STORAGE",  "id":5380103, "ctx":"initandlisten","msg":"Unpin oldest timestamp request","attr":{"service":"_wt_startup","requestedTs":{"$timestamp":{"t":1683199603,"i":1}}}}
{"t":{"$date":"2023-05-04T13:22:55.771+01:00"},"s":"I",  "c":"FTDC",     "id":20625,   "ctx":"initandlisten","msg":"Initializing full-time diagnostic data capture","attr":{"dataDirectory":"C:/Users/wilio/Documents/GitHub/PISID/ReplicaSet_MongoDB/server1/data/diagnostic.data"}}
{"t":{"$date":"2023-05-04T13:22:55.803+01:00"},"s":"I",  "c":"REPL",     "id":6015317, "ctx":"initandlisten","msg":"Setting new configuration state","attr":{"newState":"ConfigStartingUp","oldState":"ConfigPreStart"}}
{"t":{"$date":"2023-05-04T13:22:55.804+01:00"},"s":"I",  "c":"REPL",     "id":6005300, "ctx":"initandlisten","msg":"Starting up replica set aware services"}
{"t":{"$date":"2023-05-04T13:22:55.806+01:00"},"s":"I",  "c":"REPL",     "id":4280500, "ctx":"initandlisten","msg":"Attempting to create internal replication collections"}
{"t":{"$date":"2023-05-04T13:22:55.827+01:00"},"s":"I",  "c":"REPL",     "id":4280501, "ctx":"initandlisten","msg":"Attempting to load local voted for document"}
{"t":{"$date":"2023-05-04T13:22:55.827+01:00"},"s":"I",  "c":"REPL",     "id":4280502, "ctx":"initandlisten","msg":"Searching for local Rollback ID document"}
{"t":{"$date":"2023-05-04T13:22:55.827+01:00"},"s":"I",  "c":"-",        "id":4939300, "ctx":"monitoring-keys-for-HMAC","msg":"Failed to refresh key cache","attr":{"error":"ReadConcernMajorityNotAvailableYet: Read concern majority reads are currently not possible.","nextWakeupMillis":200}}
{"t":{"$date":"2023-05-04T13:22:55.830+01:00"},"s":"I",  "c":"REPL",     "id":21529,   "ctx":"initandlisten","msg":"Initializing rollback ID","attr":{"rbid":31}}
{"t":{"$date":"2023-05-04T13:22:55.830+01:00"},"s":"I",  "c":"REPL",     "id":501401,  "ctx":"initandlisten","msg":"Incrementing the rollback ID after unclean shutdown"}
{"t":{"$date":"2023-05-04T13:22:55.837+01:00"},"s":"I",  "c":"REPL",     "id":21532,   "ctx":"initandlisten","msg":"Incremented the rollback ID","attr":{"rbid":32}}
{"t":{"$date":"2023-05-04T13:22:55.840+01:00"},"s":"I",  "c":"REPL",     "id":4280504, "ctx":"initandlisten","msg":"Cleaning up any partially applied oplog batches & reading last op from oplog"}
{"t":{"$date":"2023-05-04T13:22:55.845+01:00"},"s":"I",  "c":"CONTROL",  "id":6608200, "ctx":"initandlisten","msg":"Initializing cluster server parameters from disk"}
{"t":{"$date":"2023-05-04T13:22:55.845+01:00"},"s":"I",  "c":"REPL",     "id":21544,   "ctx":"initandlisten","msg":"Recovering from stable timestamp","attr":{"stableTimestamp":{"$timestamp":{"t":1683199903,"i":1}},"topOfOplog":{"ts":{"$timestamp":{"t":1683199903,"i":1}},"t":72},"appliedThrough":{"ts":{"$timestamp":{"t":0,"i":0}},"t":-1}}}
{"t":{"$date":"2023-05-04T13:22:55.845+01:00"},"s":"I",  "c":"REPL",     "id":21545,   "ctx":"initandlisten","msg":"Starting recovery oplog application at the stable timestamp","attr":{"stableTimestamp":{"$timestamp":{"t":1683199903,"i":1}}}}
{"t":{"$date":"2023-05-04T13:22:55.845+01:00"},"s":"I",  "c":"REPL",     "id":5466604, "ctx":"initandlisten","msg":"Start point for recovery oplog application exists in oplog. No adjustment necessary","attr":{"startPoint":{"$timestamp":{"t":1683199903,"i":1}}}}
{"t":{"$date":"2023-05-04T13:22:55.845+01:00"},"s":"I",  "c":"REPL",     "id":21549,   "ctx":"initandlisten","msg":"No oplog entries to apply for recovery. Start point is at the top of the oplog"}
{"t":{"$date":"2023-05-04T13:22:55.845+01:00"},"s":"I",  "c":"REPL",     "id":4280505, "ctx":"initandlisten","msg":"Creating any necessary TenantMigrationAccessBlockers for unfinished migrations"}
{"t":{"$date":"2023-05-04T13:22:55.852+01:00"},"s":"I",  "c":"REPL",     "id":4280506, "ctx":"initandlisten","msg":"Reconstructing prepared transactions"}
{"t":{"$date":"2023-05-04T13:22:55.858+01:00"},"s":"I",  "c":"REPL",     "id":4280507, "ctx":"initandlisten","msg":"Loaded replica set config, scheduled callback to set local config"}
{"t":{"$date":"2023-05-04T13:22:55.858+01:00"},"s":"I",  "c":"REPL",     "id":4280508, "ctx":"ReplCoord-0","msg":"Attempting to set local replica set config; validating config for startup"}
{"t":{"$date":"2023-05-04T13:22:55.859+01:00"},"s":"I",  "c":"STORAGE",  "id":22262,   "ctx":"initandlisten","msg":"Timestamp monitor starting"}
{"t":{"$date":"2023-05-04T13:22:55.867+01:00"},"s":"I",  "c":"REPL",     "id":40440,   "ctx":"initandlisten","msg":"Starting the TopologyVersionObserver"}
{"t":{"$date":"2023-05-04T13:22:55.868+01:00"},"s":"I",  "c":"REPL",     "id":40445,   "ctx":"TopologyVersionObserver","msg":"Started TopologyVersionObserver"}
{"t":{"$date":"2023-05-04T13:22:55.869+01:00"},"s":"I",  "c":"NETWORK",  "id":23015,   "ctx":"listener","msg":"Listening on","attr":{"address":"127.0.0.1"}}
{"t":{"$date":"2023-05-04T13:22:55.869+01:00"},"s":"I",  "c":"NETWORK",  "id":23016,   "ctx":"listener","msg":"Waiting for connections","attr":{"port":27015,"ssl":"off"}}
{"t":{"$date":"2023-05-04T13:22:55.871+01:00"},"s":"I",  "c":"CONTROL",  "id":20714,   "ctx":"LogicalSessionCacheRefresh","msg":"Failed to refresh session cache, will try again at the next refresh interval","attr":{"error":"NotYetInitialized: Replication has not yet been configured"}}
{"t":{"$date":"2023-05-04T13:22:55.873+01:00"},"s":"I",  "c":"CONTROL",  "id":20711,   "ctx":"LogicalSessionCacheReap","msg":"Failed to reap transaction table","attr":{"error":"NotYetInitialized: Replication has not yet been configured"}}
{"t":{"$date":"2023-05-04T13:22:55.878+01:00"},"s":"I",  "c":"NETWORK",  "id":22943,   "ctx":"listener","msg":"Connection accepted","attr":{"remote":"127.0.0.1:50799","uuid":"3f483b7a-320a-4fe5-b05a-cc672153dbb8","connectionId":2,"connectionCount":1}}
{"t":{"$date":"2023-05-04T13:22:55.879+01:00"},"s":"I",  "c":"NETWORK",  "id":22943,   "ctx":"listener","msg":"Connection accepted","attr":{"remote":"127.0.0.1:50800","uuid":"738f6e32-da3f-44c1-b627-65104b45a6d0","connectionId":3,"connectionCount":2}}
{"t":{"$date":"2023-05-04T13:22:55.885+01:00"},"s":"I",  "c":"REPL",     "id":4280509, "ctx":"ReplCoord-0","msg":"Local configuration validated for startup"}
{"t":{"$date":"2023-05-04T13:22:55.885+01:00"},"s":"I",  "c":"REPL",     "id":6015317, "ctx":"ReplCoord-0","msg":"Setting new configuration state","attr":{"newState":"ConfigSteady","oldState":"ConfigStartingUp"}}
{"t":{"$date":"2023-05-04T13:22:55.886+01:00"},"s":"I",  "c":"NETWORK",  "id":22944,   "ctx":"conn3","msg":"Connection ended","attr":{"remote":"127.0.0.1:50800","uuid":"738f6e32-da3f-44c1-b627-65104b45a6d0","connectionId":3,"connectionCount":1}}
{"t":{"$date":"2023-05-04T13:22:55.887+01:00"},"s":"I",  "c":"NETWORK",  "id":22944,   "ctx":"conn2","msg":"Connection ended","attr":{"remote":"127.0.0.1:50799","uuid":"3f483b7a-320a-4fe5-b05a-cc672153dbb8","connectionId":2,"connectionCount":0}}
{"t":{"$date":"2023-05-04T13:22:55.886+01:00"},"s":"I",  "c":"REPL",     "id":21392,   "ctx":"ReplCoord-0","msg":"New replica set config in use","attr":{"config":{"_id":"Sensores","version":5,"term":72,"members":[{"_id":0,"host":"localhost:27015","arbiterOnly":false,"buildIndexes":true,"hidden":false,"priority":1,"tags":{},"secondaryDelaySecs":0,"votes":1},{"_id":1,"host":"localhost:25015","arbiterOnly":false,"buildIndexes":true,"hidden":false,"priority":1,"tags":{},"secondaryDelaySecs":0,"votes":1},{"_id":2,"host":"localhost:23015","arbiterOnly":false,"buildIndexes":true,"hidden":false,"priority":1,"tags":{},"secondaryDelaySecs":0,"votes":1}],"protocolVersion":1,"writeConcernMajorityJournalDefault":true,"settings":{"chainingAllowed":true,"heartbeatIntervalMillis":2000,"heartbeatTimeoutSecs":10,"electionTimeoutMillis":10000,"catchUpTimeoutMillis":-1,"catchUpTakeoverDelayMillis":30000,"getLastErrorModes":{},"getLastErrorDefaults":{"w":1,"wtimeout":0},"replicaSetId":{"$oid":"63fde22e71b734aea068b454"}}}}}
{"t":{"$date":"2023-05-04T13:22:55.888+01:00"},"s":"I",  "c":"REPL",     "id":21393,   "ctx":"ReplCoord-0","msg":"Found self in config","attr":{"hostAndPort":"localhost:27015"}}
{"t":{"$date":"2023-05-04T13:22:55.888+01:00"},"s":"I",  "c":"REPL",     "id":21358,   "ctx":"ReplCoord-0","msg":"Replica set state transition","attr":{"newState":"STARTUP2","oldState":"STARTUP"}}
{"t":{"$date":"2023-05-04T13:22:55.890+01:00"},"s":"I",  "c":"REPL",     "id":21320,   "ctx":"ReplCoord-0","msg":"Updated term","attr":{"term":73}}
{"t":{"$date":"2023-05-04T13:22:55.890+01:00"},"s":"I",  "c":"REPL",     "id":21306,   "ctx":"ReplCoord-0","msg":"Starting replication storage threads"}
{"t":{"$date":"2023-05-04T13:22:55.894+01:00"},"s":"I",  "c":"CONNPOOL", "id":22576,   "ctx":"ReplNetwork","msg":"Connecting","attr":{"hostAndPort":"localhost:23015"}}
{"t":{"$date":"2023-05-04T13:22:55.897+01:00"},"s":"I",  "c":"REPL",     "id":4280512, "ctx":"ReplCoord-0","msg":"No initial sync required. Attempting to begin steady replication"}
{"t":{"$date":"2023-05-04T13:22:55.897+01:00"},"s":"I",  "c":"REPL",     "id":21358,   "ctx":"ReplCoord-0","msg":"Replica set state transition","attr":{"newState":"RECOVERING","oldState":"STARTUP2"}}
{"t":{"$date":"2023-05-04T13:22:55.898+01:00"},"s":"I",  "c":"CONNPOOL", "id":22576,   "ctx":"ReplNetwork","msg":"Connecting","attr":{"hostAndPort":"localhost:25015"}}
{"t":{"$date":"2023-05-04T13:22:55.899+01:00"},"s":"I",  "c":"NETWORK",  "id":22943,   "ctx":"listener","msg":"Connection accepted","attr":{"remote":"127.0.0.1:50804","uuid":"fab64c7f-52ea-4106-85dc-5fd26125e5d3","connectionId":5,"connectionCount":1}}
{"t":{"$date":"2023-05-04T13:22:55.902+01:00"},"s":"I",  "c":"REPL",     "id":21299,   "ctx":"ReplCoord-0","msg":"Starting replication fetcher thread"}
{"t":{"$date":"2023-05-04T13:22:55.903+01:00"},"s":"I",  "c":"REPL",     "id":21300,   "ctx":"ReplCoord-0","msg":"Starting replication applier thread"}
{"t":{"$date":"2023-05-04T13:22:55.903+01:00"},"s":"I",  "c":"REPL",     "id":21301,   "ctx":"ReplCoord-0","msg":"Starting replication reporter thread"}
{"t":{"$date":"2023-05-04T13:22:55.903+01:00"},"s":"I",  "c":"REPL",     "id":4280511, "ctx":"ReplCoord-0","msg":"Set local replica set config"}
{"t":{"$date":"2023-05-04T13:22:55.903+01:00"},"s":"I",  "c":"REPL",     "id":21224,   "ctx":"OplogApplier-0","msg":"Starting oplog application"}
{"t":{"$date":"2023-05-04T13:22:55.903+01:00"},"s":"I",  "c":"NETWORK",  "id":51800,   "ctx":"conn5","msg":"client metadata","attr":{"remote":"127.0.0.1:50804","client":"conn5","doc":{"driver":{"name":"NetworkInterfaceTL-ReplNetwork","version":"6.0.4"},"os":{"type":"Windows","name":"Microsoft Windows 10","architecture":"x86_64","version":"10.0 (build 22621)"}}}}
{"t":{"$date":"2023-05-04T13:22:55.904+01:00"},"s":"I",  "c":"REPL",     "id":21358,   "ctx":"OplogApplier-0","msg":"Replica set state transition","attr":{"newState":"SECONDARY","oldState":"RECOVERING"}}
{"t":{"$date":"2023-05-04T13:22:55.904+01:00"},"s":"I",  "c":"REPL",     "id":21106,   "ctx":"OplogApplier-0","msg":"Resetting sync source to empty","attr":{"previousSyncSource":":27017"}}
{"t":{"$date":"2023-05-04T13:22:55.907+01:00"},"s":"I",  "c":"REPL",     "id":21783,   "ctx":"BackgroundSync","msg":"Waiting for pings from other members before syncing","attr":{"pingsNeeded":4}}
{"t":{"$date":"2023-05-04T13:22:55.911+01:00"},"s":"I",  "c":"NETWORK",  "id":22943,   "ctx":"listener","msg":"Connection accepted","attr":{"remote":"127.0.0.1:50808","uuid":"d4bdd753-6ce9-41ab-9fe2-f349f3fe9f3e","connectionId":8,"connectionCount":2}}
{"t":{"$date":"2023-05-04T13:22:55.913+01:00"},"s":"I",  "c":"REPL",     "id":21215,   "ctx":"ReplCoord-1","msg":"Member is in new state","attr":{"hostAndPort":"localhost:23015","newState":"SECONDARY"}}
{"t":{"$date":"2023-05-04T13:22:55.913+01:00"},"s":"I",  "c":"REPL",     "id":21215,   "ctx":"ReplCoord-2","msg":"Member is in new state","attr":{"hostAndPort":"localhost:25015","newState":"SECONDARY"}}
{"t":{"$date":"2023-05-04T13:22:55.913+01:00"},"s":"I",  "c":"NETWORK",  "id":51800,   "ctx":"conn8","msg":"client metadata","attr":{"remote":"127.0.0.1:50808","client":"conn8","doc":{"driver":{"name":"NetworkInterfaceTL-ReplNetwork","version":"6.0.4"},"os":{"type":"Windows","name":"Microsoft Windows 10","architecture":"x86_64","version":"10.0 (build 22621)"}}}}
{"t":{"$date":"2023-05-04T13:22:56.301+01:00"},"s":"I",  "c":"COMMAND",  "id":51803,   "ctx":"monitoring-keys-for-HMAC","msg":"Slow query","attr":{"type":"command","ns":"config.external_validation_keys","command":{"find":"external_validation_keys","filter":{"purpose":"HMAC","expiresAt":{"$gt":{"$timestamp":{"t":0,"i":0}}}},"sort":{"expiresAt":1},"readConcern":{},"$readPreference":{"mode":"nearest"},"$db":"config"},"planSummary":"COLLSCAN","keysExamined":0,"docsExamined":0,"hasSortStage":true,"cursorExhausted":true,"numYields":0,"nreturned":0,"queryHash":"1C26DA92","planCacheKey":"1C26DA92","queryFramework":"classic","reslen":245,"locks":{"FeatureCompatibilityVersion":{"acquireCount":{"r":1}},"Global":{"acquireCount":{"r":1}},"Mutex":{"acquireCount":{"r":1}}},"readConcern":{"provenance":"implicitDefault"},"storage":{},"protocol":"op_msg","durationMillis":118}}
{"t":{"$date":"2023-05-04T13:22:56.301+01:00"},"s":"I",  "c":"-",        "id":4939300, "ctx":"monitoring-keys-for-HMAC","msg":"Failed to refresh key cache","attr":{"error":"ReadConcernMajorityNotAvailableYet: Read concern majority reads are currently not possible.","nextWakeupMillis":400}}
{"t":{"$date":"2023-05-04T13:22:56.703+01:00"},"s":"I",  "c":"-",        "id":4939300, "ctx":"monitoring-keys-for-HMAC","msg":"Failed to refresh key cache","attr":{"error":"ReadConcernMajorityNotAvailableYet: Read concern majority reads are currently not possible.","nextWakeupMillis":600}}
{"t":{"$date":"2023-05-04T13:22:57.304+01:00"},"s":"I",  "c":"-",        "id":4939300, "ctx":"monitoring-keys-for-HMAC","msg":"Failed to refresh key cache","attr":{"error":"ReadConcernMajorityNotAvailableYet: Read concern majority reads are currently not possible.","nextWakeupMillis":800}}
{"t":{"$date":"2023-05-04T13:22:58.106+01:00"},"s":"I",  "c":"-",        "id":4939300, "ctx":"monitoring-keys-for-HMAC","msg":"Failed to refresh key cache","attr":{"error":"ReadConcernMajorityNotAvailableYet: Read concern majority reads are currently not possible.","nextWakeupMillis":1000}}
{"t":{"$date":"2023-05-04T13:22:59.108+01:00"},"s":"I",  "c":"-",        "id":4939300, "ctx":"monitoring-keys-for-HMAC","msg":"Failed to refresh key cache","attr":{"error":"ReadConcernMajorityNotAvailableYet: Read concern majority reads are currently not possible.","nextWakeupMillis":1200}}
{"t":{"$date":"2023-05-04T13:23:00.317+01:00"},"s":"I",  "c":"-",        "id":4939300, "ctx":"monitoring-keys-for-HMAC","msg":"Failed to refresh key cache","attr":{"error":"ReadConcernMajorityNotAvailableYet: Read concern majority reads are currently not possible.","nextWakeupMillis":1400}}
{"t":{"$date":"2023-05-04T13:23:01.718+01:00"},"s":"I",  "c":"-",        "id":4939300, "ctx":"monitoring-keys-for-HMAC","msg":"Failed to refresh key cache","attr":{"error":"ReadConcernMajorityNotAvailableYet: Read concern majority reads are currently not possible.","nextWakeupMillis":1600}}
{"t":{"$date":"2023-05-04T13:23:03.326+01:00"},"s":"I",  "c":"-",        "id":4939300, "ctx":"monitoring-keys-for-HMAC","msg":"Failed to refresh key cache","attr":{"error":"ReadConcernMajorityNotAvailableYet: Read concern majority reads are currently not possible.","nextWakeupMillis":1800}}
{"t":{"$date":"2023-05-04T13:23:05.132+01:00"},"s":"I",  "c":"-",        "id":4939300, "ctx":"monitoring-keys-for-HMAC","msg":"Failed to refresh key cache","attr":{"error":"ReadConcernMajorityNotAvailableYet: Read concern majority reads are currently not possible.","nextWakeupMillis":2000}}
{"t":{"$date":"2023-05-04T13:23:05.969+01:00"},"s":"I",  "c":"ELECTION", "id":4615652, "ctx":"ReplCoord-0","msg":"Starting an election, since we've seen no PRIMARY in election timeout period","attr":{"electionTimeoutPeriodMillis":10000}}
{"t":{"$date":"2023-05-04T13:23:05.971+01:00"},"s":"I",  "c":"ELECTION", "id":21438,   "ctx":"ReplCoord-0","msg":"Conducting a dry run election to see if we could be elected","attr":{"currentTerm":73}}
{"t":{"$date":"2023-05-04T13:23:05.972+01:00"},"s":"I",  "c":"REPL",     "id":21752,   "ctx":"ReplCoord-0","msg":"Scheduling remote command request","attr":{"context":"vote request","request":"RemoteCommand 41 -- target:localhost:25015 db:admin cmd:{ replSetRequestVotes: 1, setName: \"Sensores\", dryRun: true, term: 73, candidateIndex: 0, configVersion: 5, configTerm: 72, lastAppliedOpTime: { ts: Timestamp(1683199903, 1), t: 72 } }"}}
{"t":{"$date":"2023-05-04T13:23:05.972+01:00"},"s":"I",  "c":"REPL",     "id":21752,   "ctx":"ReplCoord-0","msg":"Scheduling remote command request","attr":{"context":"vote request","request":"RemoteCommand 42 -- target:localhost:23015 db:admin cmd:{ replSetRequestVotes: 1, setName: \"Sensores\", dryRun: true, term: 73, candidateIndex: 0, configVersion: 5, configTerm: 72, lastAppliedOpTime: { ts: Timestamp(1683199903, 1), t: 72 } }"}}
{"t":{"$date":"2023-05-04T13:23:05.974+01:00"},"s":"I",  "c":"ELECTION", "id":51799,   "ctx":"ReplCoord-1","msg":"VoteRequester processResponse","attr":{"term":73,"dryRun":true,"vote":"yes","from":"localhost:25015","message":{"term":73,"voteGranted":true,"reason":"","ok":1,"$clusterTime":{"clusterTime":{"$timestamp":{"t":1683199903,"i":1}},"signature":{"hash":{"$binary":{"base64":"AAAAAAAAAAAAAAAAAAAAAAAAAAA=","subType":"0"}},"keyId":0}},"operationTime":{"$timestamp":{"t":1683199903,"i":1}}}}}
{"t":{"$date":"2023-05-04T13:23:05.975+01:00"},"s":"I",  "c":"ELECTION", "id":21444,   "ctx":"ReplCoord-1","msg":"Dry election run succeeded, running for election","attr":{"newTerm":74}}
{"t":{"$date":"2023-05-04T13:23:05.975+01:00"},"s":"I",  "c":"ELECTION", "id":6015300, "ctx":"ReplCoord-1","msg":"Storing last vote document in local storage for my election","attr":{"lastVote":{"term":74,"candidateIndex":0}}}
{"t":{"$date":"2023-05-04T13:23:05.978+01:00"},"s":"I",  "c":"REPL",     "id":21752,   "ctx":"ReplCoord-1","msg":"Scheduling remote command request","attr":{"context":"vote request","request":"RemoteCommand 43 -- target:localhost:25015 db:admin cmd:{ replSetRequestVotes: 1, setName: \"Sensores\", dryRun: false, term: 74, candidateIndex: 0, configVersion: 5, configTerm: 72, lastAppliedOpTime: { ts: Timestamp(1683199903, 1), t: 72 } }"}}
{"t":{"$date":"2023-05-04T13:23:05.978+01:00"},"s":"I",  "c":"REPL",     "id":21752,   "ctx":"ReplCoord-1","msg":"Scheduling remote command request","attr":{"context":"vote request","request":"RemoteCommand 44 -- target:localhost:23015 db:admin cmd:{ replSetRequestVotes: 1, setName: \"Sensores\", dryRun: false, term: 74, candidateIndex: 0, configVersion: 5, configTerm: 72, lastAppliedOpTime: { ts: Timestamp(1683199903, 1), t: 72 } }"}}
{"t":{"$date":"2023-05-04T13:23:05.979+01:00"},"s":"I",  "c":"ELECTION", "id":51799,   "ctx":"ReplCoord-0","msg":"VoteRequester processResponse","attr":{"term":74,"dryRun":false,"vote":"yes","from":"localhost:25015","message":{"term":74,"voteGranted":true,"reason":"","ok":1,"$clusterTime":{"clusterTime":{"$timestamp":{"t":1683199903,"i":1}},"signature":{"hash":{"$binary":{"base64":"AAAAAAAAAAAAAAAAAAAAAAAAAAA=","subType":"0"}},"keyId":0}},"operationTime":{"$timestamp":{"t":1683199903,"i":1}}}}}
{"t":{"$date":"2023-05-04T13:23:05.979+01:00"},"s":"I",  "c":"ELECTION", "id":21450,   "ctx":"ReplCoord-0","msg":"Election succeeded, assuming primary role","attr":{"term":74}}
{"t":{"$date":"2023-05-04T13:23:05.979+01:00"},"s":"I",  "c":"REPL",     "id":21358,   "ctx":"ReplCoord-0","msg":"Replica set state transition","attr":{"newState":"PRIMARY","oldState":"SECONDARY"}}
{"t":{"$date":"2023-05-04T13:23:05.979+01:00"},"s":"I",  "c":"REPL",     "id":21106,   "ctx":"ReplCoord-0","msg":"Resetting sync source to empty","attr":{"previousSyncSource":":27017"}}
{"t":{"$date":"2023-05-04T13:23:05.979+01:00"},"s":"I",  "c":"REPL",     "id":21359,   "ctx":"ReplCoord-0","msg":"Entering primary catch-up mode"}
{"t":{"$date":"2023-05-04T13:23:05.981+01:00"},"s":"I",  "c":"REPL",     "id":21364,   "ctx":"ReplCoord-2","msg":"Caught up to the latest optime known via heartbeats after becoming primary","attr":{"targetOpTime":{"ts":{"$timestamp":{"t":1683199903,"i":1}},"t":72},"myLastApplied":{"ts":{"$timestamp":{"t":1683199903,"i":1}},"t":72}}}
{"t":{"$date":"2023-05-04T13:23:05.981+01:00"},"s":"I",  "c":"REPL",     "id":21363,   "ctx":"ReplCoord-2","msg":"Exited primary catch-up mode"}
{"t":{"$date":"2023-05-04T13:23:05.981+01:00"},"s":"I",  "c":"REPL",     "id":21107,   "ctx":"ReplCoord-2","msg":"Stopping replication producer"}
{"t":{"$date":"2023-05-04T13:23:05.981+01:00"},"s":"I",  "c":"REPL",     "id":21239,   "ctx":"ReplBatcher","msg":"Oplog buffer has been drained","attr":{"term":74}}
{"t":{"$date":"2023-05-04T13:23:05.981+01:00"},"s":"I",  "c":"REPL",     "id":21239,   "ctx":"ReplBatcher","msg":"Oplog buffer has been drained","attr":{"term":74}}
{"t":{"$date":"2023-05-04T13:23:05.982+01:00"},"s":"I",  "c":"REPL",     "id":21343,   "ctx":"RstlKillOpThread","msg":"Starting to kill user operations"}
{"t":{"$date":"2023-05-04T13:23:05.983+01:00"},"s":"I",  "c":"REPL",     "id":21344,   "ctx":"RstlKillOpThread","msg":"Stopped killing user operations"}
{"t":{"$date":"2023-05-04T13:23:05.983+01:00"},"s":"I",  "c":"REPL",     "id":21340,   "ctx":"RstlKillOpThread","msg":"State transition ops metrics","attr":{"metrics":{"lastStateTransition":"stepUp","userOpsKilled":0,"userOpsRunning":1}}}
{"t":{"$date":"2023-05-04T13:23:05.983+01:00"},"s":"I",  "c":"REPL",     "id":4508103, "ctx":"OplogApplier-0","msg":"Increment the config term via reconfig"}
{"t":{"$date":"2023-05-04T13:23:05.983+01:00"},"s":"I",  "c":"REPL",     "id":6015313, "ctx":"OplogApplier-0","msg":"Replication config state is Steady, starting reconfig"}
{"t":{"$date":"2023-05-04T13:23:05.983+01:00"},"s":"I",  "c":"REPL",     "id":6015317, "ctx":"OplogApplier-0","msg":"Setting new configuration state","attr":{"newState":"ConfigReconfiguring","oldState":"ConfigSteady"}}
{"t":{"$date":"2023-05-04T13:23:05.984+01:00"},"s":"I",  "c":"REPL",     "id":21353,   "ctx":"OplogApplier-0","msg":"replSetReconfig config object parses ok","attr":{"numMembers":3}}
{"t":{"$date":"2023-05-04T13:23:05.984+01:00"},"s":"I",  "c":"REPL",     "id":51814,   "ctx":"OplogApplier-0","msg":"Persisting new config to disk"}
{"t":{"$date":"2023-05-04T13:23:05.985+01:00"},"s":"I",  "c":"REPL",     "id":6015315, "ctx":"OplogApplier-0","msg":"Persisted new config to disk"}
{"t":{"$date":"2023-05-04T13:23:05.985+01:00"},"s":"I",  "c":"REPL",     "id":6015317, "ctx":"OplogApplier-0","msg":"Setting new configuration state","attr":{"newState":"ConfigSteady","oldState":"ConfigReconfiguring"}}
{"t":{"$date":"2023-05-04T13:23:05.985+01:00"},"s":"I",  "c":"REPL",     "id":21392,   "ctx":"OplogApplier-0","msg":"New replica set config in use","attr":{"config":{"_id":"Sensores","version":5,"term":74,"members":[{"_id":0,"host":"localhost:27015","arbiterOnly":false,"buildIndexes":true,"hidden":false,"priority":1,"tags":{},"secondaryDelaySecs":0,"votes":1},{"_id":1,"host":"localhost:25015","arbiterOnly":false,"buildIndexes":true,"hidden":false,"priority":1,"tags":{},"secondaryDelaySecs":0,"votes":1},{"_id":2,"host":"localhost:23015","arbiterOnly":false,"buildIndexes":true,"hidden":false,"priority":1,"tags":{},"secondaryDelaySecs":0,"votes":1}],"protocolVersion":1,"writeConcernMajorityJournalDefault":true,"settings":{"chainingAllowed":true,"heartbeatIntervalMillis":2000,"heartbeatTimeoutSecs":10,"electionTimeoutMillis":10000,"catchUpTimeoutMillis":-1,"catchUpTakeoverDelayMillis":30000,"getLastErrorModes":{},"getLastErrorDefaults":{"w":1,"wtimeout":0},"replicaSetId":{"$oid":"63fde22e71b734aea068b454"}}}}}
{"t":{"$date":"2023-05-04T13:23:05.985+01:00"},"s":"I",  "c":"REPL",     "id":21393,   "ctx":"OplogApplier-0","msg":"Found self in config","attr":{"hostAndPort":"localhost:27015"}}
{"t":{"$date":"2023-05-04T13:23:05.985+01:00"},"s":"I",  "c":"REPL",     "id":6015310, "ctx":"OplogApplier-0","msg":"Starting to transition to primary."}
{"t":{"$date":"2023-05-04T13:23:05.988+01:00"},"s":"I",  "c":"REPL",     "id":6015309, "ctx":"OplogApplier-0","msg":"Logging transition to primary to oplog on stepup"}
{"t":{"$date":"2023-05-04T13:23:05.990+01:00"},"s":"I",  "c":"STORAGE",  "id":20657,   "ctx":"OplogApplier-0","msg":"IndexBuildsCoordinator::onStepUp - this node is stepping up to primary"}
{"t":{"$date":"2023-05-04T13:23:05.995+01:00"},"s":"I",  "c":"REPL",     "id":21331,   "ctx":"OplogApplier-0","msg":"Transition to primary complete; database writes are now permitted"}
{"t":{"$date":"2023-05-04T13:23:05.995+01:00"},"s":"I",  "c":"REPL",     "id":6015306, "ctx":"OplogApplier-0","msg":"Applier already left draining state, exiting."}
{"t":{"$date":"2023-05-04T13:23:05.996+01:00"},"s":"I",  "c":"-",        "id":4939300, "ctx":"monitoring-keys-for-HMAC","msg":"Failed to refresh key cache","attr":{"error":"ReadConcernMajorityNotAvailableYet: Read concern majority reads are currently not possible.","nextWakeupMillis":2200}}
{"t":{"$date":"2023-05-04T13:23:06.993+01:00"},"s":"I",  "c":"NETWORK",  "id":22943,   "ctx":"listener","msg":"Connection accepted","attr":{"remote":"127.0.0.1:50815","uuid":"14df7013-3566-4f78-bf93-c269b6991621","connectionId":9,"connectionCount":3}}
{"t":{"$date":"2023-05-04T13:23:06.994+01:00"},"s":"I",  "c":"NETWORK",  "id":51800,   "ctx":"conn9","msg":"client metadata","attr":{"remote":"127.0.0.1:50815","client":"conn9","doc":{"driver":{"name":"NetworkInterfaceTL-ReplCoordExternNetwork","version":"6.0.4"},"os":{"type":"Windows","name":"Microsoft Windows 10","architecture":"x86_64","version":"10.0 (build 22621)"}}}}
{"t":{"$date":"2023-05-04T13:23:06.998+01:00"},"s":"I",  "c":"CONNPOOL", "id":22576,   "ctx":"MirrorMaestro","msg":"Connecting","attr":{"hostAndPort":"localhost:23015"}}
{"t":{"$date":"2023-05-04T13:23:07.001+01:00"},"s":"I",  "c":"NETWORK",  "id":22943,   "ctx":"listener","msg":"Connection accepted","attr":{"remote":"127.0.0.1:50817","uuid":"817e307e-e2de-442b-9199-7f06b343a194","connectionId":11,"connectionCount":4}}
{"t":{"$date":"2023-05-04T13:23:07.008+01:00"},"s":"I",  "c":"NETWORK",  "id":22943,   "ctx":"listener","msg":"Connection accepted","attr":{"remote":"127.0.0.1:50818","uuid":"b2ca8ede-5d11-470e-a99a-62db8ddc6bc2","connectionId":12,"connectionCount":5}}
{"t":{"$date":"2023-05-04T13:23:07.009+01:00"},"s":"I",  "c":"NETWORK",  "id":51800,   "ctx":"conn12","msg":"client metadata","attr":{"remote":"127.0.0.1:50818","client":"conn12","doc":{"driver":{"name":"NetworkInterfaceTL-ReplCoordExternNetwork","version":"6.0.4"},"os":{"type":"Windows","name":"Microsoft Windows 10","architecture":"x86_64","version":"10.0 (build 22621)"}}}}
{"t":{"$date":"2023-05-04T13:23:07.012+01:00"},"s":"I",  "c":"NETWORK",  "id":22943,   "ctx":"listener","msg":"Connection accepted","attr":{"remote":"127.0.0.1:50819","uuid":"0e909886-b277-49ac-b1d6-1b27326c5d03","connectionId":13,"connectionCount":6}}
{"t":{"$date":"2023-05-04T13:23:07.014+01:00"},"s":"I",  "c":"NETWORK",  "id":51800,   "ctx":"conn13","msg":"client metadata","attr":{"remote":"127.0.0.1:50819","client":"conn13","doc":{"application":{"name":"OplogFetcher"},"driver":{"name":"MongoDB Internal Client","version":"6.0.4"},"os":{"type":"Windows","name":"Microsoft Windows 10","architecture":"x86_64","version":"10.0 (build 22621)"}}}}
{"t":{"$date":"2023-05-04T13:23:07.017+01:00"},"s":"I",  "c":"CONNPOOL", "id":22576,   "ctx":"MirrorMaestro","msg":"Connecting","attr":{"hostAndPort":"localhost:25015"}}
{"t":{"$date":"2023-05-04T13:23:07.020+01:00"},"s":"I",  "c":"NETWORK",  "id":51800,   "ctx":"conn11","msg":"client metadata","attr":{"remote":"127.0.0.1:50817","client":"conn11","doc":{"application":{"name":"OplogFetcher"},"driver":{"name":"MongoDB Internal Client","version":"6.0.4"},"os":{"type":"Windows","name":"Microsoft Windows 10","architecture":"x86_64","version":"10.0 (build 22621)"}}}}
{"t":{"$date":"2023-05-04T13:23:07.026+01:00"},"s":"I",  "c":"REPL",     "id":5123005, "ctx":"ShardSplitDonorService-0","msg":"Rebuilding PrimaryOnlyService due to stepUp","attr":{"service":"ShardSplitDonorService"}}
{"t":{"$date":"2023-05-04T13:23:07.032+01:00"},"s":"I",  "c":"REPL",     "id":5123005, "ctx":"TenantMigrationRecipientService-1","msg":"Rebuilding PrimaryOnlyService due to stepUp","attr":{"service":"TenantMigrationRecipientService"}}
{"t":{"$date":"2023-05-04T13:23:07.033+01:00"},"s":"I",  "c":"REPL",     "id":5123005, "ctx":"TenantMigrationDonorService-1","msg":"Rebuilding PrimaryOnlyService due to stepUp","attr":{"service":"TenantMigrationDonorService"}}
{"t":{"$date":"2023-05-04T13:23:16.131+01:00"},"s":"I",  "c":"NETWORK",  "id":22943,   "ctx":"listener","msg":"Connection accepted","attr":{"remote":"127.0.0.1:50827","uuid":"6eb4c384-c623-4970-8d79-41a9a72fdb1c","connectionId":15,"connectionCount":7}}
{"t":{"$date":"2023-05-04T13:23:16.160+01:00"},"s":"I",  "c":"NETWORK",  "id":51800,   "ctx":"conn15","msg":"client metadata","attr":{"remote":"127.0.0.1:50827","client":"conn15","doc":{"driver":{"name":"mongo-java-driver|legacy","version":"3.12.12"},"os":{"type":"Windows","name":"Windows 11","architecture":"amd64","version":"10.0"},"platform":"Java/Oracle Corporation/19.0.2+7-44"}}}
{"t":{"$date":"2023-05-04T13:23:21.977+01:00"},"s":"I",  "c":"NETWORK",  "id":22944,   "ctx":"conn15","msg":"Connection ended","attr":{"remote":"127.0.0.1:50827","uuid":"6eb4c384-c623-4970-8d79-41a9a72fdb1c","connectionId":15,"connectionCount":6}}
{"t":{"$date":"2023-05-04T13:23:41.068+01:00"},"s":"I",  "c":"NETWORK",  "id":22943,   "ctx":"listener","msg":"Connection accepted","attr":{"remote":"127.0.0.1:50848","uuid":"73d5de4d-3f35-4cf7-b5b3-beef924f39b5","connectionId":16,"connectionCount":7}}
{"t":{"$date":"2023-05-04T13:23:41.081+01:00"},"s":"I",  "c":"NETWORK",  "id":51800,   "ctx":"conn16","msg":"client metadata","attr":{"remote":"127.0.0.1:50848","client":"conn16","doc":{"driver":{"name":"mongo-java-driver|legacy","version":"3.12.12"},"os":{"type":"Windows","name":"Windows 11","architecture":"amd64","version":"10.0"},"platform":"Java/Oracle Corporation/19.0.2+7-44"}}}
{"t":{"$date":"2023-05-04T13:23:41.383+01:00"},"s":"I",  "c":"NETWORK",  "id":22943,   "ctx":"listener","msg":"Connection accepted","attr":{"remote":"127.0.0.1:50849","uuid":"334cf0dd-74a9-4329-96e5-d149f826bf77","connectionId":17,"connectionCount":8}}
{"t":{"$date":"2023-05-04T13:23:41.385+01:00"},"s":"I",  "c":"NETWORK",  "id":51800,   "ctx":"conn17","msg":"client metadata","attr":{"remote":"127.0.0.1:50849","client":"conn17","doc":{"driver":{"name":"mongo-java-driver|legacy","version":"3.12.12"},"os":{"type":"Windows","name":"Windows 11","architecture":"amd64","version":"10.0"},"platform":"Java/Oracle Corporation/19.0.2+7-44"}}}
{"t":{"$date":"2023-05-04T13:23:43.812+01:00"},"s":"I",  "c":"NETWORK",  "id":22944,   "ctx":"conn16","msg":"Connection ended","attr":{"remote":"127.0.0.1:50848","uuid":"73d5de4d-3f35-4cf7-b5b3-beef924f39b5","connectionId":16,"connectionCount":7}}
{"t":{"$date":"2023-05-04T13:23:43.815+01:00"},"s":"I",  "c":"NETWORK",  "id":22944,   "ctx":"conn17","msg":"Connection ended","attr":{"remote":"127.0.0.1:50849","uuid":"334cf0dd-74a9-4329-96e5-d149f826bf77","connectionId":17,"connectionCount":6}}
{"t":{"$date":"2023-05-04T13:25:58.396+01:00"},"s":"I",  "c":"NETWORK",  "id":22943,   "ctx":"listener","msg":"Connection accepted","attr":{"remote":"127.0.0.1:50918","uuid":"e099d068-11b9-4324-b314-1ba8dd115cb1","connectionId":18,"connectionCount":7}}
{"t":{"$date":"2023-05-04T13:25:58.419+01:00"},"s":"I",  "c":"NETWORK",  "id":51800,   "ctx":"conn18","msg":"client metadata","attr":{"remote":"127.0.0.1:50918","client":"conn18","doc":{"driver":{"name":"mongo-java-driver|legacy","version":"3.12.12"},"os":{"type":"Windows","name":"Windows 11","architecture":"amd64","version":"10.0"},"platform":"Java/Oracle Corporation/19.0.2+7-44"}}}
{"t":{"$date":"2023-05-04T13:25:58.779+01:00"},"s":"I",  "c":"NETWORK",  "id":22943,   "ctx":"listener","msg":"Connection accepted","attr":{"remote":"127.0.0.1:50920","uuid":"47e3e627-1ad4-4763-86a6-56bc8d85d910","connectionId":19,"connectionCount":8}}
{"t":{"$date":"2023-05-04T13:25:58.780+01:00"},"s":"I",  "c":"NETWORK",  "id":51800,   "ctx":"conn19","msg":"client metadata","attr":{"remote":"127.0.0.1:50920","client":"conn19","doc":{"driver":{"name":"mongo-java-driver|legacy","version":"3.12.12"},"os":{"type":"Windows","name":"Windows 11","architecture":"amd64","version":"10.0"},"platform":"Java/Oracle Corporation/19.0.2+7-44"}}}
{"t":{"$date":"2023-05-04T13:26:04.766+01:00"},"s":"I",  "c":"NETWORK",  "id":22944,   "ctx":"conn18","msg":"Connection ended","attr":{"remote":"127.0.0.1:50918","uuid":"e099d068-11b9-4324-b314-1ba8dd115cb1","connectionId":18,"connectionCount":7}}
{"t":{"$date":"2023-05-04T13:26:04.766+01:00"},"s":"I",  "c":"NETWORK",  "id":22944,   "ctx":"conn19","msg":"Connection ended","attr":{"remote":"127.0.0.1:50920","uuid":"47e3e627-1ad4-4763-86a6-56bc8d85d910","connectionId":19,"connectionCount":6}}
{"t":{"$date":"2023-05-04T13:27:55.877+01:00"},"s":"I",  "c":"NETWORK",  "id":22943,   "ctx":"listener","msg":"Connection accepted","attr":{"remote":"127.0.0.1:50961","uuid":"7f729b49-e53c-4c8b-901d-b274315a5553","connectionId":20,"connectionCount":7}}
{"t":{"$date":"2023-05-04T13:27:55.877+01:00"},"s":"I",  "c":"NETWORK",  "id":22943,   "ctx":"listener","msg":"Connection accepted","attr":{"remote":"127.0.0.1:50962","uuid":"2897f179-62bf-445b-928b-4735a10a9721","connectionId":21,"connectionCount":8}}
{"t":{"$date":"2023-05-04T13:27:55.879+01:00"},"s":"I",  "c":"NETWORK",  "id":51800,   "ctx":"conn20","msg":"client metadata","attr":{"remote":"127.0.0.1:50961","client":"conn20","doc":{"driver":{"name":"NetworkInterfaceTL-ReplicaSetMonitor-TaskExecutor","version":"6.0.4"},"os":{"type":"Windows","name":"Microsoft Windows 10","architecture":"x86_64","version":"10.0 (build 22621)"}}}}
{"t":{"$date":"2023-05-04T13:27:55.879+01:00"},"s":"I",  "c":"NETWORK",  "id":51800,   "ctx":"conn21","msg":"client metadata","attr":{"remote":"127.0.0.1:50962","client":"conn21","doc":{"driver":{"name":"NetworkInterfaceTL-ReplicaSetMonitor-TaskExecutor","version":"6.0.4"},"os":{"type":"Windows","name":"Microsoft Windows 10","architecture":"x86_64","version":"10.0 (build 22621)"}}}}
{"t":{"$date":"2023-05-04T13:27:55.887+01:00"},"s":"I",  "c":"NETWORK",  "id":22943,   "ctx":"listener","msg":"Connection accepted","attr":{"remote":"127.0.0.1:50964","uuid":"f76ae7b0-20ad-4597-af52-df4790147bec","connectionId":22,"connectionCount":9}}
{"t":{"$date":"2023-05-04T13:27:55.887+01:00"},"s":"I",  "c":"NETWORK",  "id":22943,   "ctx":"listener","msg":"Connection accepted","attr":{"remote":"127.0.0.1:50963","uuid":"77c6d696-6b41-4f63-a0c0-2a3eec6b3cef","connectionId":23,"connectionCount":10}}
{"t":{"$date":"2023-05-04T13:27:55.887+01:00"},"s":"I",  "c":"NETWORK",  "id":22943,   "ctx":"listener","msg":"Connection accepted","attr":{"remote":"127.0.0.1:50965","uuid":"b1f14f70-ac37-46c1-a549-9da8acb26439","connectionId":24,"connectionCount":11}}
{"t":{"$date":"2023-05-04T13:27:55.888+01:00"},"s":"I",  "c":"NETWORK",  "id":22943,   "ctx":"listener","msg":"Connection accepted","attr":{"remote":"127.0.0.1:50966","uuid":"1fccba19-ce6d-4646-b0ef-9d1aeb69bfd1","connectionId":25,"connectionCount":12}}
{"t":{"$date":"2023-05-04T13:27:55.888+01:00"},"s":"I",  "c":"NETWORK",  "id":51800,   "ctx":"conn22","msg":"client metadata","attr":{"remote":"127.0.0.1:50964","client":"conn22","doc":{"driver":{"name":"MongoDB Internal Client","version":"6.0.4"},"os":{"type":"Windows","name":"Microsoft Windows 10","architecture":"x86_64","version":"10.0 (build 22621)"}}}}
{"t":{"$date":"2023-05-04T13:27:55.889+01:00"},"s":"I",  "c":"NETWORK",  "id":51800,   "ctx":"conn25","msg":"client metadata","attr":{"remote":"127.0.0.1:50966","client":"conn25","doc":{"driver":{"name":"MongoDB Internal Client","version":"6.0.4"},"os":{"type":"Windows","name":"Microsoft Windows 10","architecture":"x86_64","version":"10.0 (build 22621)"}}}}
{"t":{"$date":"2023-05-04T13:27:55.889+01:00"},"s":"I",  "c":"NETWORK",  "id":22943,   "ctx":"listener","msg":"Connection accepted","attr":{"remote":"127.0.0.1:50972","uuid":"604ff4c8-c0ee-4284-a3fc-3cc6e0f04b9b","connectionId":26,"connectionCount":13}}
{"t":{"$date":"2023-05-04T13:27:55.889+01:00"},"s":"I",  "c":"NETWORK",  "id":51800,   "ctx":"conn24","msg":"client metadata","attr":{"remote":"127.0.0.1:50965","client":"conn24","doc":{"driver":{"name":"MongoDB Internal Client","version":"6.0.4"},"os":{"type":"Windows","name":"Microsoft Windows 10","architecture":"x86_64","version":"10.0 (build 22621)"}}}}
{"t":{"$date":"2023-05-04T13:27:55.890+01:00"},"s":"I",  "c":"NETWORK",  "id":51800,   "ctx":"conn23","msg":"client metadata","attr":{"remote":"127.0.0.1:50963","client":"conn23","doc":{"driver":{"name":"MongoDB Internal Client","version":"6.0.4"},"os":{"type":"Windows","name":"Microsoft Windows 10","architecture":"x86_64","version":"10.0 (build 22621)"}}}}
{"t":{"$date":"2023-05-04T13:27:55.890+01:00"},"s":"I",  "c":"NETWORK",  "id":22943,   "ctx":"listener","msg":"Connection accepted","attr":{"remote":"127.0.0.1:50971","uuid":"fd584bf4-3144-4f57-875e-b7e3c9456f4e","connectionId":27,"connectionCount":14}}
{"t":{"$date":"2023-05-04T13:27:55.891+01:00"},"s":"I",  "c":"NETWORK",  "id":51800,   "ctx":"conn27","msg":"client metadata","attr":{"remote":"127.0.0.1:50971","client":"conn27","doc":{"driver":{"name":"NetworkInterfaceTL-ReplicaSetMonitor-TaskExecutor","version":"6.0.4"},"os":{"type":"Windows","name":"Microsoft Windows 10","architecture":"x86_64","version":"10.0 (build 22621)"}}}}
{"t":{"$date":"2023-05-04T13:27:55.891+01:00"},"s":"I",  "c":"NETWORK",  "id":51800,   "ctx":"conn26","msg":"client metadata","attr":{"remote":"127.0.0.1:50972","client":"conn26","doc":{"driver":{"name":"NetworkInterfaceTL-ReplicaSetMonitor-TaskExecutor","version":"6.0.4"},"os":{"type":"Windows","name":"Microsoft Windows 10","architecture":"x86_64","version":"10.0 (build 22621)"}}}}
{"t":{"$date":"2023-05-04T13:32:55.883+01:00"},"s":"I",  "c":"CONNPOOL", "id":22572,   "ctx":"MirrorMaestro","msg":"Dropping all pooled connections","attr":{"hostAndPort":"localhost:25015","error":"ConnectionPoolExpired: Pool for localhost:25015 has expired."}}
{"t":{"$date":"2023-05-04T13:32:55.911+01:00"},"s":"I",  "c":"CONNPOOL", "id":22572,   "ctx":"MirrorMaestro","msg":"Dropping all pooled connections","attr":{"hostAndPort":"localhost:23015","error":"ConnectionPoolExpired: Pool for localhost:23015 has expired."}}
{"t":{"$date":"2023-05-04T14:17:55.962+01:00"},"s":"I",  "c":"CONNPOOL", "id":22576,   "ctx":"MirrorMaestro","msg":"Connecting","attr":{"hostAndPort":"localhost:23015"}}
{"t":{"$date":"2023-05-04T14:22:55.988+01:00"},"s":"I",  "c":"CONNPOOL", "id":22572,   "ctx":"MirrorMaestro","msg":"Dropping all pooled connections","attr":{"hostAndPort":"localhost:23015","error":"ConnectionPoolExpired: Pool for localhost:23015 has expired."}}
